{"/Users/nikko/Desktop/web/chasi-ts implement/src/config/apispec.ts": {"path":"/Users/nikko/Desktop/web/chasi-ts implement/src/config/apispec.ts","all":false,"statementMap":{"2":{"start":{"line":3,"column":0},"end":{"line":3,"column":31}},"8":{"start":{"line":9,"column":0},"end":{"line":9,"column":69}},"15":{"start":{"line":16,"column":0},"end":{"line":16,"column":11}},"16":{"start":{"line":17,"column":0},"end":{"line":17,"column":68}},"17":{"start":{"line":18,"column":0},"end":{"line":18,"column":17}},"18":{"start":{"line":19,"column":0},"end":{"line":19,"column":4}},"24":{"start":{"line":25,"column":0},"end":{"line":25,"column":15}},"25":{"start":{"line":26,"column":0},"end":{"line":26,"column":21}},"26":{"start":{"line":27,"column":0},"end":{"line":27,"column":11}},"27":{"start":{"line":28,"column":0},"end":{"line":28,"column":61}},"28":{"start":{"line":29,"column":0},"end":{"line":29,"column":23}},"29":{"start":{"line":30,"column":0},"end":{"line":30,"column":22}},"30":{"start":{"line":31,"column":0},"end":{"line":31,"column":6}},"31":{"start":{"line":32,"column":0},"end":{"line":32,"column":14}},"32":{"start":{"line":33,"column":0},"end":{"line":33,"column":7}},"33":{"start":{"line":34,"column":0},"end":{"line":34,"column":76}},"34":{"start":{"line":35,"column":0},"end":{"line":35,"column":42}},"35":{"start":{"line":36,"column":0},"end":{"line":36,"column":8}},"36":{"start":{"line":37,"column":0},"end":{"line":37,"column":6}},"37":{"start":{"line":38,"column":0},"end":{"line":38,"column":4}},"77":{"start":{"line":78,"column":0},"end":{"line":78,"column":15}},"78":{"start":{"line":79,"column":0},"end":{"line":79,"column":22}},"79":{"start":{"line":80,"column":0},"end":{"line":80,"column":19}},"80":{"start":{"line":81,"column":0},"end":{"line":81,"column":21}},"81":{"start":{"line":82,"column":0},"end":{"line":82,"column":25}},"82":{"start":{"line":83,"column":0},"end":{"line":83,"column":28}},"83":{"start":{"line":84,"column":0},"end":{"line":84,"column":65}},"84":{"start":{"line":85,"column":0},"end":{"line":85,"column":8}},"85":{"start":{"line":86,"column":0},"end":{"line":86,"column":6}},"89":{"start":{"line":90,"column":0},"end":{"line":90,"column":4}},"110":{"start":{"line":111,"column":0},"end":{"line":111,"column":12}},"120":{"start":{"line":121,"column":0},"end":{"line":121,"column":26}},"122":{"start":{"line":123,"column":0},"end":{"line":123,"column":14}},"125":{"start":{"line":126,"column":0},"end":{"line":126,"column":6}},"126":{"start":{"line":127,"column":0},"end":{"line":127,"column":13}},"127":{"start":{"line":128,"column":0},"end":{"line":128,"column":78}},"128":{"start":{"line":129,"column":0},"end":{"line":129,"column":77}},"129":{"start":{"line":130,"column":0},"end":{"line":130,"column":81}},"131":{"start":{"line":132,"column":0},"end":{"line":132,"column":6}},"132":{"start":{"line":133,"column":0},"end":{"line":133,"column":4}},"140":{"start":{"line":141,"column":0},"end":{"line":141,"column":33}},"141":{"start":{"line":142,"column":0},"end":{"line":142,"column":2}}},"s":{"2":1,"8":1,"15":1,"16":1,"17":1,"18":1,"24":1,"25":1,"26":1,"27":1,"28":1,"29":1,"30":1,"31":1,"32":1,"33":1,"34":1,"35":1,"36":1,"37":1,"77":1,"78":1,"79":1,"80":1,"81":1,"82":1,"83":1,"84":1,"85":1,"89":1,"110":1,"120":1,"122":1,"125":1,"126":1,"127":1,"128":1,"129":1,"131":1,"132":1,"140":1,"141":1},"branchMap":{},"b":{},"fnMap":{},"f":{}}
,"/Users/nikko/Desktop/web/chasi-ts implement/src/config/authentication.ts": {"path":"/Users/nikko/Desktop/web/chasi-ts implement/src/config/authentication.ts","all":false,"statementMap":{"2":{"start":{"line":3,"column":0},"end":{"line":3,"column":38}},"10":{"start":{"line":11,"column":0},"end":{"line":11,"column":12}},"11":{"start":{"line":12,"column":0},"end":{"line":12,"column":10}},"17":{"start":{"line":18,"column":0},"end":{"line":18,"column":20}},"25":{"start":{"line":26,"column":0},"end":{"line":26,"column":20}},"32":{"start":{"line":33,"column":0},"end":{"line":33,"column":55}},"39":{"start":{"line":40,"column":0},"end":{"line":40,"column":20}},"50":{"start":{"line":51,"column":0},"end":{"line":51,"column":30}},"51":{"start":{"line":52,"column":0},"end":{"line":52,"column":6}},"52":{"start":{"line":53,"column":0},"end":{"line":53,"column":4}},"53":{"start":{"line":54,"column":0},"end":{"line":54,"column":2}}},"s":{"2":1,"10":1,"11":1,"17":1,"25":1,"32":1,"39":1,"50":1,"51":1,"52":1,"53":1},"branchMap":{},"b":{},"fnMap":{},"f":{}}
,"/Users/nikko/Desktop/web/chasi-ts implement/src/config/compiler.ts": {"path":"/Users/nikko/Desktop/web/chasi-ts implement/src/config/compiler.ts","all":false,"statementMap":{"0":{"start":{"line":1,"column":0},"end":{"line":1,"column":37}},"5":{"start":{"line":6,"column":0},"end":{"line":6,"column":57}},"13":{"start":{"line":14,"column":0},"end":{"line":14,"column":41}},"19":{"start":{"line":20,"column":0},"end":{"line":20,"column":64}},"26":{"start":{"line":27,"column":0},"end":{"line":27,"column":38}},"32":{"start":{"line":33,"column":0},"end":{"line":33,"column":16}},"46":{"start":{"line":47,"column":0},"end":{"line":47,"column":12}},"47":{"start":{"line":48,"column":0},"end":{"line":48,"column":5}},"54":{"start":{"line":55,"column":0},"end":{"line":55,"column":18}},"62":{"start":{"line":63,"column":0},"end":{"line":63,"column":18}},"69":{"start":{"line":70,"column":0},"end":{"line":70,"column":48}},"76":{"start":{"line":77,"column":0},"end":{"line":77,"column":41}},"83":{"start":{"line":84,"column":0},"end":{"line":84,"column":20}},"84":{"start":{"line":85,"column":0},"end":{"line":85,"column":32}},"86":{"start":{"line":87,"column":0},"end":{"line":87,"column":26}},"87":{"start":{"line":88,"column":0},"end":{"line":88,"column":33}},"88":{"start":{"line":89,"column":0},"end":{"line":89,"column":8}},"95":{"start":{"line":96,"column":0},"end":{"line":96,"column":20}},"96":{"start":{"line":97,"column":0},"end":{"line":97,"column":32}},"97":{"start":{"line":98,"column":0},"end":{"line":98,"column":26}},"99":{"start":{"line":100,"column":0},"end":{"line":100,"column":23}},"100":{"start":{"line":101,"column":0},"end":{"line":101,"column":26}},"101":{"start":{"line":102,"column":0},"end":{"line":102,"column":8}},"108":{"start":{"line":109,"column":0},"end":{"line":109,"column":77}},"116":{"start":{"line":117,"column":0},"end":{"line":117,"column":21}},"125":{"start":{"line":126,"column":0},"end":{"line":126,"column":79}},"127":{"start":{"line":128,"column":0},"end":{"line":128,"column":91}},"128":{"start":{"line":129,"column":0},"end":{"line":129,"column":48}},"129":{"start":{"line":130,"column":0},"end":{"line":130,"column":8}},"130":{"start":{"line":131,"column":0},"end":{"line":131,"column":6}},"131":{"start":{"line":132,"column":0},"end":{"line":132,"column":4}},"132":{"start":{"line":133,"column":0},"end":{"line":133,"column":2}},"134":{"start":{"line":135,"column":0},"end":{"line":135,"column":22}}},"s":{"0":1,"5":1,"13":1,"19":1,"26":1,"32":1,"46":1,"47":1,"54":1,"62":1,"69":1,"76":1,"83":1,"84":1,"86":1,"87":1,"88":1,"95":1,"96":1,"97":1,"99":1,"100":1,"101":1,"108":1,"116":1,"125":1,"127":1,"128":1,"129":1,"130":1,"131":1,"132":1,"134":1},"branchMap":{"0":{"type":"branch","line":20,"loc":{"start":{"line":20,"column":29},"end":{"line":20,"column":52}},"locations":[{"start":{"line":20,"column":29},"end":{"line":20,"column":52}}]},"1":{"type":"branch","line":126,"loc":{"start":{"line":126,"column":12},"end":{"line":130,"column":8}},"locations":[{"start":{"line":126,"column":12},"end":{"line":130,"column":8}}]}},"b":{"0":[0],"1":[1]},"fnMap":{"0":{"name":"hook","decl":{"start":{"line":126,"column":12},"end":{"line":130,"column":8}},"loc":{"start":{"line":126,"column":12},"end":{"line":130,"column":8}},"line":126}},"f":{"0":1}}
,"/Users/nikko/Desktop/web/chasi-ts implement/src/config/container.ts": {"path":"/Users/nikko/Desktop/web/chasi-ts implement/src/config/container.ts","all":false,"statementMap":{"2":{"start":{"line":3,"column":0},"end":{"line":3,"column":33}},"8":{"start":{"line":9,"column":0},"end":{"line":9,"column":54}},"17":{"start":{"line":18,"column":0},"end":{"line":18,"column":41}},"34":{"start":{"line":35,"column":0},"end":{"line":35,"column":21}},"35":{"start":{"line":36,"column":0},"end":{"line":36,"column":65}},"36":{"start":{"line":37,"column":0},"end":{"line":37,"column":56}},"37":{"start":{"line":38,"column":0},"end":{"line":38,"column":56}},"38":{"start":{"line":39,"column":0},"end":{"line":39,"column":61}},"39":{"start":{"line":40,"column":0},"end":{"line":40,"column":63}},"40":{"start":{"line":41,"column":0},"end":{"line":41,"column":4}},"53":{"start":{"line":54,"column":0},"end":{"line":54,"column":16}},"55":{"start":{"line":56,"column":0},"end":{"line":56,"column":41}},"57":{"start":{"line":58,"column":0},"end":{"line":58,"column":52}},"58":{"start":{"line":59,"column":0},"end":{"line":59,"column":4}},"63":{"start":{"line":64,"column":0},"end":{"line":64,"column":12}},"68":{"start":{"line":69,"column":0},"end":{"line":69,"column":17}},"75":{"start":{"line":76,"column":0},"end":{"line":76,"column":23}},"76":{"start":{"line":77,"column":0},"end":{"line":77,"column":4}},"77":{"start":{"line":78,"column":0},"end":{"line":78,"column":2}}},"s":{"2":1,"8":1,"17":1,"34":1,"35":1,"36":1,"37":1,"38":1,"39":1,"40":1,"53":1,"55":1,"57":1,"58":1,"63":1,"68":1,"75":1,"76":1,"77":1},"branchMap":{},"b":{},"fnMap":{},"f":{}}
,"/Users/nikko/Desktop/web/chasi-ts implement/src/config/database.ts": {"path":"/Users/nikko/Desktop/web/chasi-ts implement/src/config/database.ts","all":false,"statementMap":{"2":{"start":{"line":3,"column":0},"end":{"line":3,"column":32}},"8":{"start":{"line":9,"column":0},"end":{"line":9,"column":48}},"16":{"start":{"line":17,"column":0},"end":{"line":17,"column":20}},"22":{"start":{"line":23,"column":0},"end":{"line":23,"column":33}},"30":{"start":{"line":31,"column":0},"end":{"line":31,"column":49}},"41":{"start":{"line":42,"column":0},"end":{"line":42,"column":16}},"46":{"start":{"line":47,"column":0},"end":{"line":47,"column":10}},"48":{"start":{"line":49,"column":0},"end":{"line":49,"column":24}},"50":{"start":{"line":51,"column":0},"end":{"line":51,"column":38}},"52":{"start":{"line":53,"column":0},"end":{"line":53,"column":38}},"54":{"start":{"line":55,"column":0},"end":{"line":55,"column":34}},"55":{"start":{"line":56,"column":0},"end":{"line":56,"column":16}},"57":{"start":{"line":58,"column":0},"end":{"line":58,"column":31}},"59":{"start":{"line":60,"column":0},"end":{"line":60,"column":30}},"61":{"start":{"line":62,"column":0},"end":{"line":62,"column":39}},"62":{"start":{"line":63,"column":0},"end":{"line":63,"column":8}},"63":{"start":{"line":64,"column":0},"end":{"line":64,"column":6}},"66":{"start":{"line":67,"column":0},"end":{"line":67,"column":11}},"67":{"start":{"line":68,"column":0},"end":{"line":68,"column":24}},"68":{"start":{"line":69,"column":0},"end":{"line":69,"column":39}},"69":{"start":{"line":70,"column":0},"end":{"line":70,"column":39}},"70":{"start":{"line":71,"column":0},"end":{"line":71,"column":34}},"71":{"start":{"line":72,"column":0},"end":{"line":72,"column":16}},"72":{"start":{"line":73,"column":0},"end":{"line":73,"column":31}},"73":{"start":{"line":74,"column":0},"end":{"line":74,"column":30}},"74":{"start":{"line":75,"column":0},"end":{"line":75,"column":39}},"75":{"start":{"line":76,"column":0},"end":{"line":76,"column":8}},"76":{"start":{"line":77,"column":0},"end":{"line":77,"column":6}},"140":{"start":{"line":141,"column":0},"end":{"line":141,"column":4}},"148":{"start":{"line":149,"column":0},"end":{"line":149,"column":37}},"149":{"start":{"line":150,"column":0},"end":{"line":150,"column":2}}},"s":{"2":1,"8":1,"16":1,"22":1,"30":1,"41":1,"46":1,"48":1,"50":1,"52":1,"54":1,"55":1,"57":1,"59":1,"61":1,"62":1,"63":1,"66":1,"67":1,"68":1,"69":1,"70":1,"71":1,"72":1,"73":1,"74":1,"75":1,"76":1,"140":1,"148":1,"149":1},"branchMap":{},"b":{},"fnMap":{},"f":{}}
,"/Users/nikko/Desktop/web/chasi-ts implement/src/config/exceptions.ts": {"path":"/Users/nikko/Desktop/web/chasi-ts implement/src/config/exceptions.ts","all":false,"statementMap":{"2":{"start":{"line":3,"column":0},"end":{"line":3,"column":34}},"13":{"start":{"line":14,"column":0},"end":{"line":14,"column":12}},"19":{"start":{"line":20,"column":0},"end":{"line":20,"column":21}},"26":{"start":{"line":27,"column":0},"end":{"line":27,"column":13}},"31":{"start":{"line":32,"column":0},"end":{"line":32,"column":17}},"33":{"start":{"line":34,"column":0},"end":{"line":34,"column":58}},"34":{"start":{"line":35,"column":0},"end":{"line":35,"column":8}},"41":{"start":{"line":42,"column":0},"end":{"line":42,"column":13}},"43":{"start":{"line":44,"column":0},"end":{"line":44,"column":16}},"45":{"start":{"line":46,"column":0},"end":{"line":46,"column":19}},"46":{"start":{"line":47,"column":0},"end":{"line":47,"column":8}},"52":{"start":{"line":53,"column":0},"end":{"line":53,"column":17}},"54":{"start":{"line":55,"column":0},"end":{"line":55,"column":17}},"55":{"start":{"line":56,"column":0},"end":{"line":56,"column":8}},"56":{"start":{"line":57,"column":0},"end":{"line":57,"column":6}},"57":{"start":{"line":58,"column":0},"end":{"line":58,"column":4}},"66":{"start":{"line":67,"column":0},"end":{"line":67,"column":13}},"67":{"start":{"line":68,"column":0},"end":{"line":68,"column":84}},"68":{"start":{"line":69,"column":0},"end":{"line":69,"column":80}},"69":{"start":{"line":70,"column":0},"end":{"line":70,"column":4}},"77":{"start":{"line":78,"column":0},"end":{"line":78,"column":14}},"78":{"start":{"line":79,"column":0},"end":{"line":79,"column":15}},"79":{"start":{"line":80,"column":0},"end":{"line":80,"column":40}},"80":{"start":{"line":81,"column":0},"end":{"line":81,"column":56}},"81":{"start":{"line":82,"column":0},"end":{"line":82,"column":67}},"82":{"start":{"line":83,"column":0},"end":{"line":83,"column":70}},"83":{"start":{"line":84,"column":0},"end":{"line":84,"column":52}},"84":{"start":{"line":85,"column":0},"end":{"line":85,"column":4}},"85":{"start":{"line":86,"column":0},"end":{"line":86,"column":2}}},"s":{"2":1,"13":1,"19":1,"26":1,"31":1,"33":1,"34":1,"41":1,"43":1,"45":1,"46":1,"52":1,"54":1,"55":1,"56":1,"57":1,"66":1,"67":1,"68":1,"69":1,"77":1,"78":1,"79":1,"80":1,"81":1,"82":1,"83":1,"84":1,"85":1},"branchMap":{},"b":{},"fnMap":{},"f":{}}
,"/Users/nikko/Desktop/web/chasi-ts implement/src/config/observer.ts": {"path":"/Users/nikko/Desktop/web/chasi-ts implement/src/config/observer.ts","all":false,"statementMap":{"20":{"start":{"line":21,"column":0},"end":{"line":21,"column":32}},"44":{"start":{"line":45,"column":0},"end":{"line":45,"column":11}},"45":{"start":{"line":46,"column":0},"end":{"line":46,"column":45}},"46":{"start":{"line":47,"column":0},"end":{"line":47,"column":4}},"58":{"start":{"line":59,"column":0},"end":{"line":59,"column":41}},"70":{"start":{"line":71,"column":0},"end":{"line":71,"column":40}},"71":{"start":{"line":72,"column":0},"end":{"line":72,"column":2}}},"s":{"20":1,"44":1,"45":1,"46":1,"58":1,"70":1,"71":1},"branchMap":{"0":{"type":"branch","line":59,"loc":{"start":{"line":59,"column":14},"end":{"line":59,"column":41}},"locations":[{"start":{"line":59,"column":14},"end":{"line":59,"column":41}}]},"1":{"type":"branch","line":71,"loc":{"start":{"line":71,"column":13},"end":{"line":71,"column":40}},"locations":[{"start":{"line":71,"column":13},"end":{"line":71,"column":40}}]}},"b":{"0":[1],"1":[1]},"fnMap":{"0":{"name":"beforeEmit","decl":{"start":{"line":59,"column":14},"end":{"line":59,"column":41}},"loc":{"start":{"line":59,"column":14},"end":{"line":59,"column":41}},"line":59},"1":{"name":"afterEmit","decl":{"start":{"line":71,"column":13},"end":{"line":71,"column":40}},"loc":{"start":{"line":71,"column":13},"end":{"line":71,"column":40}},"line":71}},"f":{"0":1,"1":1}}
,"/Users/nikko/Desktop/web/chasi-ts implement/src/config/sdkbuilder.ts": {"path":"/Users/nikko/Desktop/web/chasi-ts implement/src/config/sdkbuilder.ts","all":false,"statementMap":{"0":{"start":{"line":1,"column":0},"end":{"line":1,"column":92}},"1":{"start":{"line":2,"column":0},"end":{"line":2,"column":87}},"3":{"start":{"line":4,"column":0},"end":{"line":4,"column":34}},"8":{"start":{"line":9,"column":0},"end":{"line":9,"column":72}},"15":{"start":{"line":16,"column":0},"end":{"line":16,"column":17}},"16":{"start":{"line":17,"column":0},"end":{"line":17,"column":25}},"17":{"start":{"line":18,"column":0},"end":{"line":18,"column":66}},"18":{"start":{"line":19,"column":0},"end":{"line":19,"column":4}},"23":{"start":{"line":24,"column":0},"end":{"line":24,"column":11}},"24":{"start":{"line":25,"column":0},"end":{"line":25,"column":74}},"38":{"start":{"line":39,"column":0},"end":{"line":39,"column":31}},"39":{"start":{"line":40,"column":0},"end":{"line":40,"column":4}},"49":{"start":{"line":50,"column":0},"end":{"line":50,"column":22}},"55":{"start":{"line":56,"column":0},"end":{"line":56,"column":19}},"66":{"start":{"line":67,"column":0},"end":{"line":67,"column":12}},"67":{"start":{"line":68,"column":0},"end":{"line":68,"column":44}},"68":{"start":{"line":69,"column":0},"end":{"line":69,"column":4}},"69":{"start":{"line":70,"column":0},"end":{"line":70,"column":2}}},"s":{"0":1,"1":1,"3":1,"8":1,"15":1,"16":1,"17":1,"18":1,"23":1,"24":1,"38":1,"39":1,"49":1,"55":1,"66":1,"67":1,"68":1,"69":1},"branchMap":{},"b":{},"fnMap":{},"f":{}}
,"/Users/nikko/Desktop/web/chasi-ts implement/src/config/server.ts": {"path":"/Users/nikko/Desktop/web/chasi-ts implement/src/config/server.ts","all":false,"statementMap":{"0":{"start":{"line":1,"column":0},"end":{"line":1,"column":66}},"1":{"start":{"line":2,"column":0},"end":{"line":2,"column":20}},"3":{"start":{"line":4,"column":0},"end":{"line":4,"column":30}},"18":{"start":{"line":19,"column":0},"end":{"line":19,"column":69}},"26":{"start":{"line":27,"column":0},"end":{"line":27,"column":58}},"33":{"start":{"line":34,"column":0},"end":{"line":34,"column":9}},"39":{"start":{"line":40,"column":0},"end":{"line":40,"column":16}},"45":{"start":{"line":46,"column":0},"end":{"line":46,"column":21}},"46":{"start":{"line":47,"column":0},"end":{"line":47,"column":21}},"47":{"start":{"line":48,"column":0},"end":{"line":48,"column":22}},"48":{"start":{"line":49,"column":0},"end":{"line":49,"column":37}},"49":{"start":{"line":50,"column":0},"end":{"line":50,"column":39}},"50":{"start":{"line":51,"column":0},"end":{"line":51,"column":6}},"57":{"start":{"line":58,"column":0},"end":{"line":58,"column":23}},"63":{"start":{"line":64,"column":0},"end":{"line":64,"column":26}},"64":{"start":{"line":65,"column":0},"end":{"line":65,"column":4}},"78":{"start":{"line":79,"column":0},"end":{"line":79,"column":19}},"83":{"start":{"line":84,"column":0},"end":{"line":84,"column":50}},"89":{"start":{"line":90,"column":0},"end":{"line":90,"column":17}},"91":{"start":{"line":92,"column":0},"end":{"line":92,"column":21}},"93":{"start":{"line":94,"column":0},"end":{"line":94,"column":20}},"94":{"start":{"line":95,"column":0},"end":{"line":95,"column":6}},"100":{"start":{"line":101,"column":0},"end":{"line":101,"column":15}},"107":{"start":{"line":108,"column":0},"end":{"line":108,"column":85}},"113":{"start":{"line":114,"column":0},"end":{"line":114,"column":17}},"122":{"start":{"line":123,"column":0},"end":{"line":123,"column":24}},"123":{"start":{"line":124,"column":0},"end":{"line":124,"column":4}},"130":{"start":{"line":131,"column":0},"end":{"line":131,"column":10}},"140":{"start":{"line":141,"column":0},"end":{"line":141,"column":47}},"141":{"start":{"line":142,"column":0},"end":{"line":142,"column":43}},"142":{"start":{"line":143,"column":0},"end":{"line":143,"column":24}},"143":{"start":{"line":144,"column":0},"end":{"line":144,"column":48}},"144":{"start":{"line":145,"column":0},"end":{"line":145,"column":47}},"145":{"start":{"line":146,"column":0},"end":{"line":146,"column":11}},"146":{"start":{"line":147,"column":0},"end":{"line":147,"column":8}},"147":{"start":{"line":148,"column":0},"end":{"line":148,"column":6}},"148":{"start":{"line":149,"column":0},"end":{"line":149,"column":4}},"156":{"start":{"line":157,"column":0},"end":{"line":157,"column":10}},"162":{"start":{"line":163,"column":0},"end":{"line":163,"column":10}},"163":{"start":{"line":164,"column":0},"end":{"line":164,"column":40}},"164":{"start":{"line":165,"column":0},"end":{"line":165,"column":42}},"171":{"start":{"line":172,"column":0},"end":{"line":172,"column":24}},"172":{"start":{"line":173,"column":0},"end":{"line":173,"column":6}},"178":{"start":{"line":179,"column":0},"end":{"line":179,"column":12}},"179":{"start":{"line":180,"column":0},"end":{"line":180,"column":16}},"180":{"start":{"line":181,"column":0},"end":{"line":181,"column":17}},"181":{"start":{"line":182,"column":0},"end":{"line":182,"column":23}},"182":{"start":{"line":183,"column":0},"end":{"line":183,"column":6}},"183":{"start":{"line":184,"column":0},"end":{"line":184,"column":4}},"184":{"start":{"line":185,"column":0},"end":{"line":185,"column":2}}},"s":{"0":1,"1":1,"3":1,"18":1,"26":1,"33":1,"39":1,"45":1,"46":1,"47":1,"48":1,"49":1,"50":1,"57":1,"63":1,"64":1,"78":1,"83":1,"89":1,"91":1,"93":1,"94":1,"100":1,"107":1,"113":1,"122":1,"123":1,"130":1,"140":1,"141":1,"142":1,"143":1,"144":1,"145":1,"146":1,"147":1,"148":1,"156":1,"162":1,"163":1,"164":1,"171":1,"172":1,"178":1,"179":1,"180":1,"181":1,"182":1,"183":1,"184":1},"branchMap":{"0":{"type":"branch","line":141,"loc":{"start":{"line":141,"column":15},"end":{"line":148,"column":6}},"locations":[{"start":{"line":141,"column":15},"end":{"line":148,"column":6}}]},"1":{"type":"branch","line":144,"loc":{"start":{"line":144,"column":29},"end":{"line":146,"column":9}},"locations":[{"start":{"line":144,"column":29},"end":{"line":146,"column":9}}]}},"b":{"0":[1],"1":[1]},"fnMap":{"0":{"name":"beforeApp","decl":{"start":{"line":141,"column":15},"end":{"line":148,"column":6}},"loc":{"start":{"line":141,"column":15},"end":{"line":148,"column":6}},"line":141}},"f":{"0":1}}
,"/Users/nikko/Desktop/web/chasi-ts implement/src/config/types.ts": {"path":"/Users/nikko/Desktop/web/chasi-ts implement/src/config/types.ts","all":false,"statementMap":{},"s":{},"branchMap":{},"b":{},"fnMap":{},"f":{}}
,"/Users/nikko/Desktop/web/chasi-ts implement/src/container/controllers/v1/UserController.ts": {"path":"/Users/nikko/Desktop/web/chasi-ts implement/src/container/controllers/v1/UserController.ts","all":false,"statementMap":{"0":{"start":{"line":1,"column":0},"end":{"line":1,"column":64}},"4":{"start":{"line":5,"column":0},"end":{"line":5,"column":56}},"5":{"start":{"line":6,"column":0},"end":{"line":6,"column":14}},"6":{"start":{"line":7,"column":0},"end":{"line":7,"column":28}},"7":{"start":{"line":8,"column":0},"end":{"line":8,"column":3}},"14":{"start":{"line":15,"column":0},"end":{"line":15,"column":35}},"16":{"start":{"line":17,"column":0},"end":{"line":17,"column":31}},"17":{"start":{"line":18,"column":0},"end":{"line":18,"column":43}},"18":{"start":{"line":19,"column":0},"end":{"line":19,"column":13}},"19":{"start":{"line":20,"column":0},"end":{"line":20,"column":20}},"20":{"start":{"line":21,"column":0},"end":{"line":21,"column":39}},"21":{"start":{"line":22,"column":0},"end":{"line":22,"column":7}},"22":{"start":{"line":23,"column":0},"end":{"line":23,"column":5}},"23":{"start":{"line":24,"column":0},"end":{"line":24,"column":52}},"24":{"start":{"line":25,"column":0},"end":{"line":25,"column":3}},"32":{"start":{"line":33,"column":0},"end":{"line":33,"column":34}},"33":{"start":{"line":34,"column":0},"end":{"line":34,"column":61}},"34":{"start":{"line":35,"column":0},"end":{"line":35,"column":3}},"41":{"start":{"line":42,"column":0},"end":{"line":42,"column":33}},"42":{"start":{"line":43,"column":0},"end":{"line":43,"column":35}},"43":{"start":{"line":44,"column":0},"end":{"line":44,"column":3}},"51":{"start":{"line":52,"column":0},"end":{"line":52,"column":35}},"52":{"start":{"line":53,"column":0},"end":{"line":53,"column":47}},"53":{"start":{"line":54,"column":0},"end":{"line":54,"column":3}},"60":{"start":{"line":61,"column":0},"end":{"line":61,"column":35}},"61":{"start":{"line":62,"column":0},"end":{"line":62,"column":37}},"63":{"start":{"line":64,"column":0},"end":{"line":64,"column":44}},"64":{"start":{"line":65,"column":0},"end":{"line":65,"column":29}},"65":{"start":{"line":66,"column":0},"end":{"line":66,"column":3}},"73":{"start":{"line":74,"column":0},"end":{"line":74,"column":36}},"74":{"start":{"line":75,"column":0},"end":{"line":75,"column":9}},"75":{"start":{"line":76,"column":0},"end":{"line":76,"column":39}},"76":{"start":{"line":77,"column":0},"end":{"line":77,"column":63}},"77":{"start":{"line":78,"column":0},"end":{"line":78,"column":54}},"78":{"start":{"line":79,"column":0},"end":{"line":79,"column":27}},"79":{"start":{"line":80,"column":0},"end":{"line":80,"column":21}},"80":{"start":{"line":81,"column":0},"end":{"line":81,"column":14}},"81":{"start":{"line":82,"column":0},"end":{"line":82,"column":5}},"82":{"start":{"line":83,"column":0},"end":{"line":83,"column":3}},"84":{"start":{"line":85,"column":0},"end":{"line":85,"column":1}}},"s":{"0":1,"4":1,"5":1,"6":7,"7":7,"14":1,"16":2,"17":2,"18":1,"19":1,"20":1,"21":1,"22":1,"23":1,"24":2,"32":1,"33":1,"34":1,"41":1,"42":1,"43":1,"51":1,"52":1,"53":1,"60":1,"61":1,"63":1,"64":1,"65":1,"73":1,"74":2,"75":2,"76":2,"77":1,"78":1,"79":1,"80":1,"81":1,"82":2,"84":1},"branchMap":{"0":{"type":"branch","line":6,"loc":{"start":{"line":6,"column":2},"end":{"line":8,"column":3}},"locations":[{"start":{"line":6,"column":2},"end":{"line":8,"column":3}}]},"1":{"type":"branch","line":15,"loc":{"start":{"line":15,"column":2},"end":{"line":25,"column":3}},"locations":[{"start":{"line":15,"column":2},"end":{"line":25,"column":3}}]},"2":{"type":"branch","line":18,"loc":{"start":{"line":18,"column":42},"end":{"line":24,"column":52}},"locations":[{"start":{"line":18,"column":42},"end":{"line":24,"column":52}}]},"3":{"type":"branch","line":33,"loc":{"start":{"line":33,"column":2},"end":{"line":35,"column":3}},"locations":[{"start":{"line":33,"column":2},"end":{"line":35,"column":3}}]},"4":{"type":"branch","line":42,"loc":{"start":{"line":42,"column":2},"end":{"line":44,"column":3}},"locations":[{"start":{"line":42,"column":2},"end":{"line":44,"column":3}}]},"5":{"type":"branch","line":52,"loc":{"start":{"line":52,"column":2},"end":{"line":54,"column":3}},"locations":[{"start":{"line":52,"column":2},"end":{"line":54,"column":3}}]},"6":{"type":"branch","line":61,"loc":{"start":{"line":61,"column":2},"end":{"line":66,"column":3}},"locations":[{"start":{"line":61,"column":2},"end":{"line":66,"column":3}}]},"7":{"type":"branch","line":74,"loc":{"start":{"line":74,"column":2},"end":{"line":83,"column":3}},"locations":[{"start":{"line":74,"column":2},"end":{"line":83,"column":3}}]},"8":{"type":"branch","line":77,"loc":{"start":{"line":77,"column":62},"end":{"line":82,"column":5}},"locations":[{"start":{"line":77,"column":62},"end":{"line":82,"column":5}}]}},"b":{"0":[7],"1":[2],"2":[1],"3":[1],"4":[1],"5":[1],"6":[1],"7":[2],"8":[1]},"fnMap":{"0":{"name":"get user","decl":{"start":{"line":6,"column":2},"end":{"line":8,"column":3}},"loc":{"start":{"line":6,"column":2},"end":{"line":8,"column":3}},"line":6},"1":{"name":"create","decl":{"start":{"line":15,"column":2},"end":{"line":25,"column":3}},"loc":{"start":{"line":15,"column":2},"end":{"line":25,"column":3}},"line":15},"2":{"name":"index","decl":{"start":{"line":33,"column":2},"end":{"line":35,"column":3}},"loc":{"start":{"line":33,"column":2},"end":{"line":35,"column":3}},"line":33},"3":{"name":"list","decl":{"start":{"line":42,"column":2},"end":{"line":44,"column":3}},"loc":{"start":{"line":42,"column":2},"end":{"line":44,"column":3}},"line":42},"4":{"name":"delete","decl":{"start":{"line":52,"column":2},"end":{"line":54,"column":3}},"loc":{"start":{"line":52,"column":2},"end":{"line":54,"column":3}},"line":52},"5":{"name":"update","decl":{"start":{"line":61,"column":2},"end":{"line":66,"column":3}},"loc":{"start":{"line":61,"column":2},"end":{"line":66,"column":3}},"line":61},"6":{"name":"signin","decl":{"start":{"line":74,"column":2},"end":{"line":83,"column":3}},"loc":{"start":{"line":74,"column":2},"end":{"line":83,"column":3}},"line":74}},"f":{"0":7,"1":2,"2":1,"3":1,"4":1,"5":1,"6":2}}
,"/Users/nikko/Desktop/web/chasi-ts implement/src/container/errors/CustomError.ts": {"path":"/Users/nikko/Desktop/web/chasi-ts implement/src/container/errors/CustomError.ts","all":false,"statementMap":{"0":{"start":{"line":1,"column":0},"end":{"line":1,"column":48}},"1":{"start":{"line":2,"column":0},"end":{"line":2,"column":64}},"2":{"start":{"line":3,"column":0},"end":{"line":3,"column":18}},"3":{"start":{"line":4,"column":0},"end":{"line":4,"column":38}},"4":{"start":{"line":5,"column":0},"end":{"line":5,"column":3}},"5":{"start":{"line":6,"column":0},"end":{"line":6,"column":1}}},"s":{"0":1,"1":1,"2":5,"3":5,"4":5,"5":1},"branchMap":{"0":{"type":"branch","line":2,"loc":{"start":{"line":2,"column":2},"end":{"line":5,"column":3}},"locations":[{"start":{"line":2,"column":2},"end":{"line":5,"column":3}}]},"1":{"type":"branch","line":4,"loc":{"start":{"line":4,"column":21},"end":{"line":4,"column":38}},"locations":[{"start":{"line":4,"column":21},"end":{"line":4,"column":38}}]}},"b":{"0":[5],"1":[2]},"fnMap":{"0":{"name":"CustomError","decl":{"start":{"line":2,"column":2},"end":{"line":5,"column":3}},"loc":{"start":{"line":2,"column":2},"end":{"line":5,"column":3}},"line":2}},"f":{"0":5}}
,"/Users/nikko/Desktop/web/chasi-ts implement/src/container/events/Authorize.ts": {"path":"/Users/nikko/Desktop/web/chasi-ts implement/src/container/events/Authorize.ts","all":false,"statementMap":{"0":{"start":{"line":1,"column":0},"end":{"line":1,"column":72}},"2":{"start":{"line":3,"column":0},"end":{"line":3,"column":72}},"10":{"start":{"line":11,"column":0},"end":{"line":11,"column":32}},"11":{"start":{"line":12,"column":0},"end":{"line":12,"column":11}},"12":{"start":{"line":13,"column":0},"end":{"line":13,"column":3}},"21":{"start":{"line":22,"column":0},"end":{"line":22,"column":23}},"22":{"start":{"line":23,"column":0},"end":{"line":23,"column":1}}},"s":{"0":1,"2":1,"10":1,"11":2,"12":2,"21":1,"22":1},"branchMap":{"0":{"type":"branch","line":11,"loc":{"start":{"line":11,"column":2},"end":{"line":13,"column":3}},"locations":[{"start":{"line":11,"column":2},"end":{"line":13,"column":3}}]},"1":{"type":"branch","line":22,"loc":{"start":{"line":22,"column":2},"end":{"line":22,"column":23}},"locations":[{"start":{"line":22,"column":2},"end":{"line":22,"column":23}}]}},"b":{"0":[2],"1":[2]},"fnMap":{"0":{"name":"validate","decl":{"start":{"line":11,"column":2},"end":{"line":13,"column":3}},"loc":{"start":{"line":11,"column":2},"end":{"line":13,"column":3}},"line":11},"1":{"name":"fire","decl":{"start":{"line":22,"column":2},"end":{"line":22,"column":23}},"loc":{"start":{"line":22,"column":2},"end":{"line":22,"column":23}},"line":22}},"f":{"0":2,"1":2}}
,"/Users/nikko/Desktop/web/chasi-ts implement/src/container/http/api.ts": {"path":"/Users/nikko/Desktop/web/chasi-ts implement/src/container/http/api.ts","all":true,"statementMap":{"0":{"start":{"line":1,"column":0},"end":{"line":1,"column":51}},"1":{"start":{"line":2,"column":0},"end":{"line":2,"column":39}},"2":{"start":{"line":3,"column":0},"end":{"line":3,"column":0}},"3":{"start":{"line":4,"column":0},"end":{"line":4,"column":34}},"4":{"start":{"line":5,"column":0},"end":{"line":5,"column":43}},"5":{"start":{"line":6,"column":0},"end":{"line":6,"column":55}},"6":{"start":{"line":7,"column":0},"end":{"line":7,"column":25}},"7":{"start":{"line":8,"column":0},"end":{"line":8,"column":6}},"8":{"start":{"line":9,"column":0},"end":{"line":9,"column":55}},"9":{"start":{"line":10,"column":0},"end":{"line":10,"column":25}},"10":{"start":{"line":11,"column":0},"end":{"line":11,"column":7}},"11":{"start":{"line":12,"column":0},"end":{"line":12,"column":5}},"12":{"start":{"line":13,"column":0},"end":{"line":13,"column":2}}},"s":{"0":0,"1":0,"2":0,"3":0,"4":0,"5":0,"6":0,"7":0,"8":0,"9":0,"10":0,"11":0,"12":0},"branchMap":{"0":{"type":"branch","line":1,"loc":{"start":{"line":1,"column":0},"end":{"line":13,"column":2}},"locations":[{"start":{"line":1,"column":0},"end":{"line":13,"column":2}}]}},"b":{"0":[0]},"fnMap":{"0":{"name":"(empty-report)","decl":{"start":{"line":1,"column":0},"end":{"line":13,"column":2}},"loc":{"start":{"line":1,"column":0},"end":{"line":13,"column":2}},"line":1}},"f":{"0":0}}
,"/Users/nikko/Desktop/web/chasi-ts implement/src/container/http/chasi.ts": {"path":"/Users/nikko/Desktop/web/chasi-ts implement/src/container/http/chasi.ts","all":true,"statementMap":{"0":{"start":{"line":1,"column":0},"end":{"line":1,"column":51}},"1":{"start":{"line":2,"column":0},"end":{"line":2,"column":0}},"2":{"start":{"line":3,"column":0},"end":{"line":3,"column":34}},"3":{"start":{"line":4,"column":0},"end":{"line":4,"column":61}},"4":{"start":{"line":5,"column":0},"end":{"line":5,"column":55}},"5":{"start":{"line":6,"column":0},"end":{"line":6,"column":48}},"6":{"start":{"line":7,"column":0},"end":{"line":7,"column":47}},"7":{"start":{"line":8,"column":0},"end":{"line":8,"column":44}},"8":{"start":{"line":9,"column":0},"end":{"line":9,"column":62}},"9":{"start":{"line":10,"column":0},"end":{"line":10,"column":50}},"10":{"start":{"line":11,"column":0},"end":{"line":11,"column":40}},"11":{"start":{"line":12,"column":0},"end":{"line":12,"column":4}},"12":{"start":{"line":13,"column":0},"end":{"line":13,"column":5}},"13":{"start":{"line":14,"column":0},"end":{"line":14,"column":2}},"14":{"start":{"line":15,"column":0},"end":{"line":15,"column":64}},"15":{"start":{"line":16,"column":0},"end":{"line":16,"column":21}},"16":{"start":{"line":17,"column":0},"end":{"line":17,"column":5}},"17":{"start":{"line":18,"column":0},"end":{"line":18,"column":0}},"18":{"start":{"line":19,"column":0},"end":{"line":19,"column":2}}},"s":{"0":0,"1":0,"2":0,"3":0,"4":0,"5":0,"6":0,"7":0,"8":0,"9":0,"10":0,"11":0,"12":0,"13":0,"14":0,"15":0,"16":0,"17":0,"18":0},"branchMap":{"0":{"type":"branch","line":1,"loc":{"start":{"line":1,"column":0},"end":{"line":19,"column":2}},"locations":[{"start":{"line":1,"column":0},"end":{"line":19,"column":2}}]}},"b":{"0":[0]},"fnMap":{"0":{"name":"(empty-report)","decl":{"start":{"line":1,"column":0},"end":{"line":19,"column":2}},"loc":{"start":{"line":1,"column":0},"end":{"line":19,"column":2}},"line":1}},"f":{"0":0}}
,"/Users/nikko/Desktop/web/chasi-ts implement/src/container/http/public.ts": {"path":"/Users/nikko/Desktop/web/chasi-ts implement/src/container/http/public.ts","all":true,"statementMap":{"0":{"start":{"line":1,"column":0},"end":{"line":1,"column":51}},"1":{"start":{"line":2,"column":0},"end":{"line":2,"column":0}},"2":{"start":{"line":3,"column":0},"end":{"line":3,"column":34}},"3":{"start":{"line":4,"column":0},"end":{"line":4,"column":61}},"4":{"start":{"line":5,"column":0},"end":{"line":5,"column":55}},"5":{"start":{"line":6,"column":0},"end":{"line":6,"column":48}},"6":{"start":{"line":7,"column":0},"end":{"line":7,"column":47}},"7":{"start":{"line":8,"column":0},"end":{"line":8,"column":44}},"8":{"start":{"line":9,"column":0},"end":{"line":9,"column":62}},"9":{"start":{"line":10,"column":0},"end":{"line":10,"column":50}},"10":{"start":{"line":11,"column":0},"end":{"line":11,"column":40}},"11":{"start":{"line":12,"column":0},"end":{"line":12,"column":4}},"12":{"start":{"line":13,"column":0},"end":{"line":13,"column":5}},"13":{"start":{"line":14,"column":0},"end":{"line":14,"column":2}},"14":{"start":{"line":15,"column":0},"end":{"line":15,"column":45}},"15":{"start":{"line":16,"column":0},"end":{"line":16,"column":21}},"16":{"start":{"line":17,"column":0},"end":{"line":17,"column":5}},"17":{"start":{"line":18,"column":0},"end":{"line":18,"column":0}},"18":{"start":{"line":19,"column":0},"end":{"line":19,"column":2}}},"s":{"0":0,"1":0,"2":0,"3":0,"4":0,"5":0,"6":0,"7":0,"8":0,"9":0,"10":0,"11":0,"12":0,"13":0,"14":0,"15":0,"16":0,"17":0,"18":0},"branchMap":{"0":{"type":"branch","line":1,"loc":{"start":{"line":1,"column":0},"end":{"line":19,"column":2}},"locations":[{"start":{"line":1,"column":0},"end":{"line":19,"column":2}}]}},"b":{"0":[0]},"fnMap":{"0":{"name":"(empty-report)","decl":{"start":{"line":1,"column":0},"end":{"line":19,"column":2}},"loc":{"start":{"line":1,"column":0},"end":{"line":19,"column":2}},"line":1}},"f":{"0":0}}
,"/Users/nikko/Desktop/web/chasi-ts implement/src/container/http/specs/api.spec.ts": {"path":"/Users/nikko/Desktop/web/chasi-ts implement/src/container/http/specs/api.spec.ts","all":true,"statementMap":{"0":{"start":{"line":1,"column":0},"end":{"line":1,"column":15}},"1":{"start":{"line":2,"column":0},"end":{"line":2,"column":11}},"2":{"start":{"line":3,"column":0},"end":{"line":3,"column":41}},"3":{"start":{"line":4,"column":0},"end":{"line":4,"column":17}},"4":{"start":{"line":5,"column":0},"end":{"line":5,"column":18}},"5":{"start":{"line":6,"column":0},"end":{"line":6,"column":21}},"6":{"start":{"line":7,"column":0},"end":{"line":7,"column":16}},"7":{"start":{"line":8,"column":0},"end":{"line":8,"column":29}},"8":{"start":{"line":9,"column":0},"end":{"line":9,"column":19}},"9":{"start":{"line":10,"column":0},"end":{"line":10,"column":27}},"10":{"start":{"line":11,"column":0},"end":{"line":11,"column":40}},"11":{"start":{"line":12,"column":0},"end":{"line":12,"column":25}},"12":{"start":{"line":13,"column":0},"end":{"line":13,"column":57}},"13":{"start":{"line":14,"column":0},"end":{"line":14,"column":59}},"14":{"start":{"line":15,"column":0},"end":{"line":15,"column":14}},"15":{"start":{"line":16,"column":0},"end":{"line":16,"column":12}},"16":{"start":{"line":17,"column":0},"end":{"line":17,"column":10}},"17":{"start":{"line":18,"column":0},"end":{"line":18,"column":8}},"18":{"start":{"line":19,"column":0},"end":{"line":19,"column":6}},"19":{"start":{"line":20,"column":0},"end":{"line":20,"column":16}},"20":{"start":{"line":21,"column":0},"end":{"line":21,"column":12}},"21":{"start":{"line":22,"column":0},"end":{"line":22,"column":57}},"22":{"start":{"line":23,"column":0},"end":{"line":23,"column":18}},"23":{"start":{"line":24,"column":0},"end":{"line":24,"column":31}},"24":{"start":{"line":25,"column":0},"end":{"line":25,"column":21}},"25":{"start":{"line":26,"column":0},"end":{"line":26,"column":29}},"26":{"start":{"line":27,"column":0},"end":{"line":27,"column":27}},"27":{"start":{"line":28,"column":0},"end":{"line":28,"column":60}},"28":{"start":{"line":29,"column":0},"end":{"line":29,"column":42}},"29":{"start":{"line":30,"column":0},"end":{"line":30,"column":16}},"30":{"start":{"line":31,"column":0},"end":{"line":31,"column":14}},"31":{"start":{"line":32,"column":0},"end":{"line":32,"column":12}},"32":{"start":{"line":33,"column":0},"end":{"line":33,"column":10}},"33":{"start":{"line":34,"column":0},"end":{"line":34,"column":8}},"34":{"start":{"line":35,"column":0},"end":{"line":35,"column":48}},"35":{"start":{"line":36,"column":0},"end":{"line":36,"column":56}},"36":{"start":{"line":37,"column":0},"end":{"line":37,"column":5}},"37":{"start":{"line":38,"column":0},"end":{"line":38,"column":4}},"38":{"start":{"line":39,"column":0},"end":{"line":39,"column":11}},"39":{"start":{"line":40,"column":0},"end":{"line":40,"column":45}},"40":{"start":{"line":41,"column":0},"end":{"line":41,"column":17}},"41":{"start":{"line":42,"column":0},"end":{"line":42,"column":18}},"42":{"start":{"line":43,"column":0},"end":{"line":43,"column":21}},"43":{"start":{"line":44,"column":0},"end":{"line":44,"column":16}},"44":{"start":{"line":45,"column":0},"end":{"line":45,"column":29}},"45":{"start":{"line":46,"column":0},"end":{"line":46,"column":19}},"46":{"start":{"line":47,"column":0},"end":{"line":47,"column":27}},"47":{"start":{"line":48,"column":0},"end":{"line":48,"column":61}},"48":{"start":{"line":49,"column":0},"end":{"line":49,"column":25}},"49":{"start":{"line":50,"column":0},"end":{"line":50,"column":39}},"50":{"start":{"line":51,"column":0},"end":{"line":51,"column":57}},"51":{"start":{"line":52,"column":0},"end":{"line":52,"column":40}},"52":{"start":{"line":53,"column":0},"end":{"line":53,"column":77}},"53":{"start":{"line":54,"column":0},"end":{"line":54,"column":14}},"54":{"start":{"line":55,"column":0},"end":{"line":55,"column":12}},"55":{"start":{"line":56,"column":0},"end":{"line":56,"column":10}},"56":{"start":{"line":57,"column":0},"end":{"line":57,"column":8}},"57":{"start":{"line":58,"column":0},"end":{"line":58,"column":6}},"58":{"start":{"line":59,"column":0},"end":{"line":59,"column":16}},"59":{"start":{"line":60,"column":0},"end":{"line":60,"column":12}},"60":{"start":{"line":61,"column":0},"end":{"line":61,"column":36}},"61":{"start":{"line":62,"column":0},"end":{"line":62,"column":18}},"62":{"start":{"line":63,"column":0},"end":{"line":63,"column":31}},"63":{"start":{"line":64,"column":0},"end":{"line":64,"column":58}},"64":{"start":{"line":65,"column":0},"end":{"line":65,"column":12}},"65":{"start":{"line":66,"column":0},"end":{"line":66,"column":10}},"66":{"start":{"line":67,"column":0},"end":{"line":67,"column":8}},"67":{"start":{"line":68,"column":0},"end":{"line":68,"column":51}},"68":{"start":{"line":69,"column":0},"end":{"line":69,"column":5}},"69":{"start":{"line":70,"column":0},"end":{"line":70,"column":4}},"70":{"start":{"line":71,"column":0},"end":{"line":71,"column":1}},"71":{"start":{"line":72,"column":0},"end":{"line":72,"column":0}},"72":{"start":{"line":73,"column":0},"end":{"line":73,"column":21}}},"s":{"0":0,"1":0,"2":0,"3":0,"4":0,"5":0,"6":0,"7":0,"8":0,"9":0,"10":0,"11":0,"12":0,"13":0,"14":0,"15":0,"16":0,"17":0,"18":0,"19":0,"20":0,"21":0,"22":0,"23":0,"24":0,"25":0,"26":0,"27":0,"28":0,"29":0,"30":0,"31":0,"32":0,"33":0,"34":0,"35":0,"36":0,"37":0,"38":0,"39":0,"40":0,"41":0,"42":0,"43":0,"44":0,"45":0,"46":0,"47":0,"48":0,"49":0,"50":0,"51":0,"52":0,"53":0,"54":0,"55":0,"56":0,"57":0,"58":0,"59":0,"60":0,"61":0,"62":0,"63":0,"64":0,"65":0,"66":0,"67":0,"68":0,"69":0,"70":0,"71":0,"72":0},"branchMap":{"0":{"type":"branch","line":1,"loc":{"start":{"line":1,"column":0},"end":{"line":73,"column":21}},"locations":[{"start":{"line":1,"column":0},"end":{"line":73,"column":21}}]}},"b":{"0":[0]},"fnMap":{"0":{"name":"(empty-report)","decl":{"start":{"line":1,"column":0},"end":{"line":73,"column":21}},"loc":{"start":{"line":1,"column":0},"end":{"line":73,"column":21}},"line":1}},"f":{"0":0}}
,"/Users/nikko/Desktop/web/chasi-ts implement/src/container/middlewares/Auth.ts": {"path":"/Users/nikko/Desktop/web/chasi-ts implement/src/container/middlewares/Auth.ts","all":false,"statementMap":{"7":{"start":{"line":8,"column":0},"end":{"line":8,"column":51}},"8":{"start":{"line":9,"column":0},"end":{"line":9,"column":9}},"9":{"start":{"line":10,"column":0},"end":{"line":10,"column":2}},"26":{"start":{"line":27,"column":0},"end":{"line":27,"column":65}},"27":{"start":{"line":28,"column":0},"end":{"line":28,"column":33}},"28":{"start":{"line":29,"column":0},"end":{"line":29,"column":44}},"29":{"start":{"line":30,"column":0},"end":{"line":30,"column":70}},"30":{"start":{"line":31,"column":0},"end":{"line":31,"column":3}},"33":{"start":{"line":34,"column":0},"end":{"line":34,"column":15}},"34":{"start":{"line":35,"column":0},"end":{"line":35,"column":2}}},"s":{"7":1,"8":1,"9":1,"26":1,"27":3,"28":3,"29":2,"30":2,"33":1,"34":1},"branchMap":{"0":{"type":"branch","line":8,"loc":{"start":{"line":8,"column":15},"end":{"line":10,"column":2}},"locations":[{"start":{"line":8,"column":15},"end":{"line":10,"column":2}}]},"1":{"type":"branch","line":27,"loc":{"start":{"line":27,"column":40},"end":{"line":35,"column":2}},"locations":[{"start":{"line":27,"column":40},"end":{"line":35,"column":2}}]},"2":{"type":"branch","line":29,"loc":{"start":{"line":29,"column":7},"end":{"line":29,"column":43}},"locations":[{"start":{"line":29,"column":7},"end":{"line":29,"column":43}}]},"3":{"type":"branch","line":29,"loc":{"start":{"line":29,"column":43},"end":{"line":31,"column":3}},"locations":[{"start":{"line":29,"column":43},"end":{"line":31,"column":3}}]},"4":{"type":"branch","line":31,"loc":{"start":{"line":31,"column":2},"end":{"line":35,"column":2}},"locations":[{"start":{"line":31,"column":2},"end":{"line":35,"column":2}}]}},"b":{"0":[1],"1":[3],"2":[2],"3":[2],"4":[1]},"fnMap":{"0":{"name":"__vite_ssr_exports__.default","decl":{"start":{"line":8,"column":15},"end":{"line":10,"column":2}},"loc":{"start":{"line":8,"column":15},"end":{"line":10,"column":2}},"line":8},"1":{"name":"authSdk","decl":{"start":{"line":27,"column":40},"end":{"line":35,"column":2}},"loc":{"start":{"line":27,"column":40},"end":{"line":35,"column":2}},"line":27}},"f":{"0":1,"1":3}}
,"/Users/nikko/Desktop/web/chasi-ts implement/src/container/middlewares/TestMode.mw.ts": {"path":"/Users/nikko/Desktop/web/chasi-ts implement/src/container/middlewares/TestMode.mw.ts","all":false,"statementMap":{"0":{"start":{"line":1,"column":0},"end":{"line":1,"column":51}},"1":{"start":{"line":2,"column":0},"end":{"line":2,"column":23}},"2":{"start":{"line":3,"column":0},"end":{"line":3,"column":50}},"3":{"start":{"line":4,"column":0},"end":{"line":4,"column":18}},"4":{"start":{"line":5,"column":0},"end":{"line":5,"column":4}}},"s":{"0":1,"1":2,"2":1,"3":1,"4":2},"branchMap":{"0":{"type":"branch","line":1,"loc":{"start":{"line":1,"column":15},"end":{"line":5,"column":4}},"locations":[{"start":{"line":1,"column":15},"end":{"line":5,"column":4}}]},"1":{"type":"branch","line":2,"loc":{"start":{"line":2,"column":22},"end":{"line":4,"column":18}},"locations":[{"start":{"line":2,"column":22},"end":{"line":4,"column":18}}]}},"b":{"0":[2],"1":[1]},"fnMap":{"0":{"name":"__vite_ssr_exports__.default","decl":{"start":{"line":1,"column":15},"end":{"line":5,"column":4}},"loc":{"start":{"line":1,"column":15},"end":{"line":5,"column":4}},"line":1}},"f":{"0":2}}
,"/Users/nikko/Desktop/web/chasi-ts implement/src/container/models/Property.ts": {"path":"/Users/nikko/Desktop/web/chasi-ts implement/src/container/models/Property.ts","all":false,"statementMap":{"0":{"start":{"line":1,"column":0},"end":{"line":1,"column":51}},"1":{"start":{"line":2,"column":0},"end":{"line":2,"column":32}},"11":{"start":{"line":12,"column":0},"end":{"line":12,"column":61}},"12":{"start":{"line":13,"column":0},"end":{"line":13,"column":11}},"13":{"start":{"line":14,"column":0},"end":{"line":14,"column":19}},"14":{"start":{"line":15,"column":0},"end":{"line":15,"column":21}},"15":{"start":{"line":16,"column":0},"end":{"line":16,"column":17}},"16":{"start":{"line":17,"column":0},"end":{"line":17,"column":6}},"17":{"start":{"line":18,"column":0},"end":{"line":18,"column":11}},"18":{"start":{"line":19,"column":0},"end":{"line":19,"column":19}},"19":{"start":{"line":20,"column":0},"end":{"line":20,"column":21}},"20":{"start":{"line":21,"column":0},"end":{"line":21,"column":17}},"21":{"start":{"line":22,"column":0},"end":{"line":22,"column":6}},"22":{"start":{"line":23,"column":0},"end":{"line":23,"column":12}},"23":{"start":{"line":24,"column":0},"end":{"line":24,"column":60}},"24":{"start":{"line":25,"column":0},"end":{"line":25,"column":6}},"25":{"start":{"line":26,"column":0},"end":{"line":26,"column":4}},"26":{"start":{"line":27,"column":0},"end":{"line":27,"column":3}},"27":{"start":{"line":28,"column":0},"end":{"line":28,"column":21}},"28":{"start":{"line":29,"column":0},"end":{"line":29,"column":5}},"30":{"start":{"line":31,"column":0},"end":{"line":31,"column":101}},"32":{"start":{"line":33,"column":0},"end":{"line":33,"column":24}}},"s":{"0":1,"1":1,"11":1,"12":1,"13":1,"14":1,"15":1,"16":1,"17":1,"18":1,"19":1,"20":1,"21":1,"22":1,"23":1,"24":1,"25":1,"26":1,"27":1,"28":1,"30":1,"32":1},"branchMap":{},"b":{},"fnMap":{},"f":{}}
,"/Users/nikko/Desktop/web/chasi-ts implement/src/container/models/Unit.ts": {"path":"/Users/nikko/Desktop/web/chasi-ts implement/src/container/models/Unit.ts","all":false,"statementMap":{"0":{"start":{"line":1,"column":0},"end":{"line":1,"column":51}},"1":{"start":{"line":2,"column":0},"end":{"line":2,"column":32}},"11":{"start":{"line":12,"column":0},"end":{"line":12,"column":53}},"12":{"start":{"line":13,"column":0},"end":{"line":13,"column":11}},"13":{"start":{"line":14,"column":0},"end":{"line":14,"column":19}},"14":{"start":{"line":15,"column":0},"end":{"line":15,"column":21}},"15":{"start":{"line":16,"column":0},"end":{"line":16,"column":17}},"16":{"start":{"line":17,"column":0},"end":{"line":17,"column":6}},"17":{"start":{"line":18,"column":0},"end":{"line":18,"column":11}},"18":{"start":{"line":19,"column":0},"end":{"line":19,"column":19}},"19":{"start":{"line":20,"column":0},"end":{"line":20,"column":21}},"20":{"start":{"line":21,"column":0},"end":{"line":21,"column":17}},"21":{"start":{"line":22,"column":0},"end":{"line":22,"column":6}},"22":{"start":{"line":23,"column":0},"end":{"line":23,"column":15}},"23":{"start":{"line":24,"column":0},"end":{"line":24,"column":43}},"24":{"start":{"line":25,"column":0},"end":{"line":25,"column":22}},"25":{"start":{"line":26,"column":0},"end":{"line":26,"column":21}},"26":{"start":{"line":27,"column":0},"end":{"line":27,"column":5}},"27":{"start":{"line":28,"column":0},"end":{"line":28,"column":5}},"28":{"start":{"line":29,"column":0},"end":{"line":29,"column":3}},"29":{"start":{"line":30,"column":0},"end":{"line":30,"column":21}},"30":{"start":{"line":31,"column":0},"end":{"line":31,"column":5}},"32":{"start":{"line":33,"column":0},"end":{"line":33,"column":80}},"34":{"start":{"line":35,"column":0},"end":{"line":35,"column":20}}},"s":{"0":1,"1":1,"11":1,"12":1,"13":1,"14":1,"15":1,"16":1,"17":1,"18":1,"19":1,"20":1,"21":1,"22":1,"23":1,"24":1,"25":1,"26":1,"27":1,"28":1,"29":1,"30":1,"32":1,"34":1},"branchMap":{},"b":{},"fnMap":{},"f":{}}
,"/Users/nikko/Desktop/web/chasi-ts implement/src/container/models/user.ts": {"path":"/Users/nikko/Desktop/web/chasi-ts implement/src/container/models/user.ts","all":false,"statementMap":{"0":{"start":{"line":1,"column":0},"end":{"line":1,"column":51}},"1":{"start":{"line":2,"column":0},"end":{"line":2,"column":67}},"2":{"start":{"line":3,"column":0},"end":{"line":3,"column":54}},"3":{"start":{"line":4,"column":0},"end":{"line":4,"column":26}},"4":{"start":{"line":5,"column":0},"end":{"line":5,"column":31}},"5":{"start":{"line":6,"column":0},"end":{"line":6,"column":51}},"29":{"start":{"line":30,"column":0},"end":{"line":30,"column":52}},"30":{"start":{"line":31,"column":0},"end":{"line":31,"column":3}},"31":{"start":{"line":32,"column":0},"end":{"line":32,"column":11}},"32":{"start":{"line":33,"column":0},"end":{"line":33,"column":19}},"33":{"start":{"line":34,"column":0},"end":{"line":34,"column":21}},"34":{"start":{"line":35,"column":0},"end":{"line":35,"column":17}},"35":{"start":{"line":36,"column":0},"end":{"line":36,"column":6}},"37":{"start":{"line":38,"column":0},"end":{"line":38,"column":15}},"38":{"start":{"line":39,"column":0},"end":{"line":39,"column":19}},"39":{"start":{"line":40,"column":0},"end":{"line":40,"column":17}},"40":{"start":{"line":41,"column":0},"end":{"line":41,"column":19}},"41":{"start":{"line":42,"column":0},"end":{"line":42,"column":19}},"42":{"start":{"line":43,"column":0},"end":{"line":43,"column":49}},"43":{"start":{"line":44,"column":0},"end":{"line":44,"column":77}},"44":{"start":{"line":45,"column":0},"end":{"line":45,"column":8}},"45":{"start":{"line":46,"column":0},"end":{"line":46,"column":6}},"47":{"start":{"line":48,"column":0},"end":{"line":48,"column":12}},"48":{"start":{"line":49,"column":0},"end":{"line":49,"column":19}},"49":{"start":{"line":50,"column":0},"end":{"line":50,"column":21}},"50":{"start":{"line":51,"column":0},"end":{"line":51,"column":17}},"51":{"start":{"line":52,"column":0},"end":{"line":52,"column":19}},"52":{"start":{"line":53,"column":0},"end":{"line":53,"column":6}},"53":{"start":{"line":54,"column":0},"end":{"line":54,"column":12}},"54":{"start":{"line":55,"column":0},"end":{"line":55,"column":19}},"55":{"start":{"line":56,"column":0},"end":{"line":56,"column":19}},"56":{"start":{"line":57,"column":0},"end":{"line":57,"column":22}},"57":{"start":{"line":58,"column":0},"end":{"line":58,"column":21}},"58":{"start":{"line":59,"column":0},"end":{"line":59,"column":6}},"59":{"start":{"line":60,"column":0},"end":{"line":60,"column":11}},"60":{"start":{"line":61,"column":0},"end":{"line":61,"column":77}},"61":{"start":{"line":62,"column":0},"end":{"line":62,"column":6}},"62":{"start":{"line":63,"column":0},"end":{"line":63,"column":4}},"63":{"start":{"line":64,"column":0},"end":{"line":64,"column":3}},"64":{"start":{"line":65,"column":0},"end":{"line":65,"column":21}},"65":{"start":{"line":66,"column":0},"end":{"line":66,"column":3}},"66":{"start":{"line":67,"column":0},"end":{"line":67,"column":2}},"68":{"start":{"line":69,"column":0},"end":{"line":69,"column":46}},"69":{"start":{"line":70,"column":0},"end":{"line":70,"column":20}},"70":{"start":{"line":71,"column":0},"end":{"line":71,"column":36}},"71":{"start":{"line":72,"column":0},"end":{"line":72,"column":52}},"72":{"start":{"line":73,"column":0},"end":{"line":73,"column":3}},"73":{"start":{"line":74,"column":0},"end":{"line":74,"column":9}},"74":{"start":{"line":75,"column":0},"end":{"line":75,"column":3}},"76":{"start":{"line":77,"column":0},"end":{"line":77,"column":26}},"77":{"start":{"line":78,"column":0},"end":{"line":78,"column":39}},"78":{"start":{"line":79,"column":0},"end":{"line":79,"column":27}},"79":{"start":{"line":80,"column":0},"end":{"line":80,"column":15}},"80":{"start":{"line":81,"column":0},"end":{"line":81,"column":4}},"81":{"start":{"line":82,"column":0},"end":{"line":82,"column":3}},"83":{"start":{"line":84,"column":0},"end":{"line":84,"column":63}},"84":{"start":{"line":85,"column":0},"end":{"line":85,"column":22}},"85":{"start":{"line":86,"column":0},"end":{"line":86,"column":26}},"86":{"start":{"line":87,"column":0},"end":{"line":87,"column":56}},"87":{"start":{"line":88,"column":0},"end":{"line":88,"column":9}},"88":{"start":{"line":89,"column":0},"end":{"line":89,"column":6}},"89":{"start":{"line":90,"column":0},"end":{"line":90,"column":45}},"90":{"start":{"line":91,"column":0},"end":{"line":91,"column":64}},"91":{"start":{"line":92,"column":0},"end":{"line":92,"column":56}},"92":{"start":{"line":93,"column":0},"end":{"line":93,"column":15}},"93":{"start":{"line":94,"column":0},"end":{"line":94,"column":71}},"94":{"start":{"line":95,"column":0},"end":{"line":95,"column":31}},"95":{"start":{"line":96,"column":0},"end":{"line":96,"column":14}},"96":{"start":{"line":97,"column":0},"end":{"line":97,"column":2}},"98":{"start":{"line":99,"column":0},"end":{"line":99,"column":55}},"99":{"start":{"line":100,"column":0},"end":{"line":100,"column":16}},"100":{"start":{"line":101,"column":0},"end":{"line":101,"column":36}},"101":{"start":{"line":102,"column":0},"end":{"line":102,"column":20}},"102":{"start":{"line":103,"column":0},"end":{"line":103,"column":51}},"103":{"start":{"line":104,"column":0},"end":{"line":104,"column":76}},"104":{"start":{"line":105,"column":0},"end":{"line":105,"column":2}},"106":{"start":{"line":107,"column":0},"end":{"line":107,"column":81}},"107":{"start":{"line":108,"column":0},"end":{"line":108,"column":20}}},"s":{"0":1,"1":1,"2":1,"3":1,"4":1,"5":1,"29":1,"30":1,"31":1,"32":1,"33":1,"34":1,"35":1,"37":1,"38":1,"39":1,"40":1,"41":1,"42":2,"43":2,"44":2,"45":1,"47":1,"48":1,"49":1,"50":1,"51":1,"52":1,"53":1,"54":1,"55":1,"56":1,"57":1,"58":1,"59":1,"60":1,"61":1,"62":1,"63":1,"64":1,"65":1,"66":1,"68":1,"69":0,"70":0,"71":0,"72":0,"73":0,"74":0,"76":1,"77":1,"78":1,"79":1,"80":1,"81":1,"83":1,"84":0,"85":0,"86":0,"87":0,"88":0,"89":0,"90":0,"91":0,"92":0,"93":0,"94":0,"95":0,"96":0,"98":1,"99":1,"100":1,"101":1,"102":1,"103":1,"104":1,"106":1,"107":1},"branchMap":{"0":{"type":"branch","line":42,"loc":{"start":{"line":42,"column":6},"end":{"line":45,"column":8}},"locations":[{"start":{"line":42,"column":6},"end":{"line":45,"column":8}}]},"1":{"type":"branch","line":44,"loc":{"start":{"line":44,"column":10},"end":{"line":44,"column":77}},"locations":[{"start":{"line":44,"column":10},"end":{"line":44,"column":77}}]},"2":{"type":"branch","line":78,"loc":{"start":{"line":78,"column":13},"end":{"line":81,"column":4}},"locations":[{"start":{"line":78,"column":13},"end":{"line":81,"column":4}}]},"3":{"type":"branch","line":99,"loc":{"start":{"line":99,"column":39},"end":{"line":105,"column":2}},"locations":[{"start":{"line":99,"column":39},"end":{"line":105,"column":2}}]}},"b":{"0":[2],"1":[1],"2":[1],"3":[1]},"fnMap":{"0":{"name":"validate","decl":{"start":{"line":42,"column":6},"end":{"line":45,"column":8}},"loc":{"start":{"line":42,"column":6},"end":{"line":45,"column":8}},"line":42},"1":{"name":"transform","decl":{"start":{"line":78,"column":13},"end":{"line":81,"column":4}},"loc":{"start":{"line":78,"column":13},"end":{"line":81,"column":4}},"line":78},"2":{"name":"userSchema.statics.findByCredentials","decl":{"start":{"line":84,"column":39},"end":{"line":97,"column":2}},"loc":{"start":{"line":84,"column":39},"end":{"line":97,"column":2}},"line":84},"3":{"name":"userSchema.methods.generateAuthToken","decl":{"start":{"line":99,"column":39},"end":{"line":105,"column":2}},"loc":{"start":{"line":99,"column":39},"end":{"line":105,"column":2}},"line":99}},"f":{"0":2,"1":1,"2":0,"3":1}}
,"/Users/nikko/Desktop/web/chasi-ts implement/src/container/modules/ApiSpecs/ApiSpec.types.ts": {"path":"/Users/nikko/Desktop/web/chasi-ts implement/src/container/modules/ApiSpecs/ApiSpec.types.ts","all":true,"statementMap":{"0":{"start":{"line":1,"column":0},"end":{"line":1,"column":81}},"1":{"start":{"line":2,"column":0},"end":{"line":2,"column":0}},"2":{"start":{"line":3,"column":0},"end":{"line":3,"column":47}},"3":{"start":{"line":4,"column":0},"end":{"line":4,"column":0}},"4":{"start":{"line":5,"column":0},"end":{"line":5,"column":80}},"5":{"start":{"line":6,"column":0},"end":{"line":6,"column":0}},"6":{"start":{"line":7,"column":0},"end":{"line":7,"column":35}},"7":{"start":{"line":8,"column":0},"end":{"line":8,"column":5}},"8":{"start":{"line":9,"column":0},"end":{"line":9,"column":38}},"9":{"start":{"line":10,"column":0},"end":{"line":10,"column":66}},"10":{"start":{"line":11,"column":0},"end":{"line":11,"column":25}},"11":{"start":{"line":12,"column":0},"end":{"line":12,"column":5}},"12":{"start":{"line":13,"column":0},"end":{"line":13,"column":19}},"13":{"start":{"line":14,"column":0},"end":{"line":14,"column":56}},"14":{"start":{"line":15,"column":0},"end":{"line":15,"column":19}},"15":{"start":{"line":16,"column":0},"end":{"line":16,"column":2}},"16":{"start":{"line":17,"column":0},"end":{"line":17,"column":0}},"17":{"start":{"line":18,"column":0},"end":{"line":18,"column":80}},"18":{"start":{"line":19,"column":0},"end":{"line":19,"column":0}},"19":{"start":{"line":20,"column":0},"end":{"line":20,"column":34}},"20":{"start":{"line":21,"column":0},"end":{"line":21,"column":16}},"21":{"start":{"line":22,"column":0},"end":{"line":22,"column":17}},"22":{"start":{"line":23,"column":0},"end":{"line":23,"column":15}},"23":{"start":{"line":24,"column":0},"end":{"line":24,"column":2}},"24":{"start":{"line":25,"column":0},"end":{"line":25,"column":0}},"25":{"start":{"line":26,"column":0},"end":{"line":26,"column":34}},"26":{"start":{"line":27,"column":0},"end":{"line":27,"column":15}},"27":{"start":{"line":28,"column":0},"end":{"line":28,"column":15}},"28":{"start":{"line":29,"column":0},"end":{"line":29,"column":2}},"29":{"start":{"line":30,"column":0},"end":{"line":30,"column":0}},"30":{"start":{"line":31,"column":0},"end":{"line":31,"column":27}},"31":{"start":{"line":32,"column":0},"end":{"line":32,"column":16}},"32":{"start":{"line":33,"column":0},"end":{"line":33,"column":18}},"33":{"start":{"line":34,"column":0},"end":{"line":34,"column":23}},"34":{"start":{"line":35,"column":0},"end":{"line":35,"column":26}},"35":{"start":{"line":36,"column":0},"end":{"line":36,"column":31}},"36":{"start":{"line":37,"column":0},"end":{"line":37,"column":31}},"37":{"start":{"line":38,"column":0},"end":{"line":38,"column":2}},"38":{"start":{"line":39,"column":0},"end":{"line":39,"column":0}},"39":{"start":{"line":40,"column":0},"end":{"line":40,"column":80}},"40":{"start":{"line":41,"column":0},"end":{"line":41,"column":0}},"41":{"start":{"line":42,"column":0},"end":{"line":42,"column":29}},"42":{"start":{"line":43,"column":0},"end":{"line":43,"column":14}},"43":{"start":{"line":44,"column":0},"end":{"line":44,"column":23}},"44":{"start":{"line":45,"column":0},"end":{"line":45,"column":2}},"45":{"start":{"line":46,"column":0},"end":{"line":46,"column":0}},"46":{"start":{"line":47,"column":0},"end":{"line":47,"column":80}},"47":{"start":{"line":48,"column":0},"end":{"line":48,"column":0}},"48":{"start":{"line":49,"column":0},"end":{"line":49,"column":41}},"49":{"start":{"line":50,"column":0},"end":{"line":50,"column":15}},"50":{"start":{"line":51,"column":0},"end":{"line":51,"column":45}},"51":{"start":{"line":52,"column":0},"end":{"line":52,"column":24}},"52":{"start":{"line":53,"column":0},"end":{"line":53,"column":23}},"53":{"start":{"line":54,"column":0},"end":{"line":54,"column":2}},"54":{"start":{"line":55,"column":0},"end":{"line":55,"column":0}},"55":{"start":{"line":56,"column":0},"end":{"line":56,"column":43}},"56":{"start":{"line":57,"column":0},"end":{"line":57,"column":17}},"57":{"start":{"line":58,"column":0},"end":{"line":58,"column":15}},"58":{"start":{"line":59,"column":0},"end":{"line":59,"column":36}},"59":{"start":{"line":60,"column":0},"end":{"line":60,"column":23}},"60":{"start":{"line":61,"column":0},"end":{"line":61,"column":2}},"61":{"start":{"line":62,"column":0},"end":{"line":62,"column":0}},"62":{"start":{"line":63,"column":0},"end":{"line":63,"column":43}},"63":{"start":{"line":64,"column":0},"end":{"line":64,"column":17}},"64":{"start":{"line":65,"column":0},"end":{"line":65,"column":33}},"65":{"start":{"line":66,"column":0},"end":{"line":66,"column":23}},"66":{"start":{"line":67,"column":0},"end":{"line":67,"column":2}},"67":{"start":{"line":68,"column":0},"end":{"line":68,"column":0}},"68":{"start":{"line":69,"column":0},"end":{"line":69,"column":43}},"69":{"start":{"line":70,"column":0},"end":{"line":70,"column":24}},"70":{"start":{"line":71,"column":0},"end":{"line":71,"column":27}},"71":{"start":{"line":72,"column":0},"end":{"line":72,"column":23}},"72":{"start":{"line":73,"column":0},"end":{"line":73,"column":2}},"73":{"start":{"line":74,"column":0},"end":{"line":74,"column":0}},"74":{"start":{"line":75,"column":0},"end":{"line":75,"column":35}},"75":{"start":{"line":76,"column":0},"end":{"line":76,"column":29}},"76":{"start":{"line":77,"column":0},"end":{"line":77,"column":31}},"77":{"start":{"line":78,"column":0},"end":{"line":78,"column":31}},"78":{"start":{"line":79,"column":0},"end":{"line":79,"column":32}},"79":{"start":{"line":80,"column":0},"end":{"line":80,"column":0}},"80":{"start":{"line":81,"column":0},"end":{"line":81,"column":80}},"81":{"start":{"line":82,"column":0},"end":{"line":82,"column":0}},"82":{"start":{"line":83,"column":0},"end":{"line":83,"column":3}},"83":{"start":{"line":84,"column":0},"end":{"line":84,"column":79}},"84":{"start":{"line":85,"column":0},"end":{"line":85,"column":76}},"85":{"start":{"line":86,"column":0},"end":{"line":86,"column":58}},"86":{"start":{"line":87,"column":0},"end":{"line":87,"column":2}},"87":{"start":{"line":88,"column":0},"end":{"line":88,"column":64}},"88":{"start":{"line":89,"column":0},"end":{"line":89,"column":43}},"89":{"start":{"line":90,"column":0},"end":{"line":90,"column":50}},"90":{"start":{"line":91,"column":0},"end":{"line":91,"column":48}},"91":{"start":{"line":92,"column":0},"end":{"line":92,"column":3}},"92":{"start":{"line":93,"column":0},"end":{"line":93,"column":33}},"93":{"start":{"line":94,"column":0},"end":{"line":94,"column":65}},"94":{"start":{"line":95,"column":0},"end":{"line":95,"column":35}},"95":{"start":{"line":96,"column":0},"end":{"line":96,"column":39}},"96":{"start":{"line":97,"column":0},"end":{"line":97,"column":37}},"97":{"start":{"line":98,"column":0},"end":{"line":98,"column":40}},"98":{"start":{"line":99,"column":0},"end":{"line":99,"column":38}},"99":{"start":{"line":100,"column":0},"end":{"line":100,"column":75}},"100":{"start":{"line":101,"column":0},"end":{"line":101,"column":58}},"101":{"start":{"line":102,"column":0},"end":{"line":102,"column":43}},"102":{"start":{"line":103,"column":0},"end":{"line":103,"column":41}},"103":{"start":{"line":104,"column":0},"end":{"line":104,"column":37}},"104":{"start":{"line":105,"column":0},"end":{"line":105,"column":35}},"105":{"start":{"line":106,"column":0},"end":{"line":106,"column":38}},"106":{"start":{"line":107,"column":0},"end":{"line":107,"column":36}},"107":{"start":{"line":108,"column":0},"end":{"line":108,"column":2}},"108":{"start":{"line":109,"column":0},"end":{"line":109,"column":0}},"109":{"start":{"line":110,"column":0},"end":{"line":110,"column":80}},"110":{"start":{"line":111,"column":0},"end":{"line":111,"column":0}},"111":{"start":{"line":112,"column":0},"end":{"line":112,"column":3}},"112":{"start":{"line":113,"column":0},"end":{"line":113,"column":78}},"113":{"start":{"line":114,"column":0},"end":{"line":114,"column":79}},"114":{"start":{"line":115,"column":0},"end":{"line":115,"column":3}},"115":{"start":{"line":116,"column":0},"end":{"line":116,"column":39}},"116":{"start":{"line":117,"column":0},"end":{"line":117,"column":5}},"117":{"start":{"line":118,"column":0},"end":{"line":118,"column":75}},"118":{"start":{"line":119,"column":0},"end":{"line":119,"column":39}},"119":{"start":{"line":120,"column":0},"end":{"line":120,"column":5}},"120":{"start":{"line":121,"column":0},"end":{"line":121,"column":21}},"121":{"start":{"line":122,"column":0},"end":{"line":122,"column":5}},"122":{"start":{"line":123,"column":0},"end":{"line":123,"column":69}},"123":{"start":{"line":124,"column":0},"end":{"line":124,"column":72}},"124":{"start":{"line":125,"column":0},"end":{"line":125,"column":5}},"125":{"start":{"line":126,"column":0},"end":{"line":126,"column":21}},"126":{"start":{"line":127,"column":0},"end":{"line":127,"column":2}},"127":{"start":{"line":128,"column":0},"end":{"line":128,"column":0}},"128":{"start":{"line":129,"column":0},"end":{"line":129,"column":3}},"129":{"start":{"line":130,"column":0},"end":{"line":130,"column":58}},"130":{"start":{"line":131,"column":0},"end":{"line":131,"column":2}},"131":{"start":{"line":132,"column":0},"end":{"line":132,"column":70}},"132":{"start":{"line":133,"column":0},"end":{"line":133,"column":74}},"133":{"start":{"line":134,"column":0},"end":{"line":134,"column":2}},"134":{"start":{"line":135,"column":0},"end":{"line":135,"column":70}},"135":{"start":{"line":136,"column":0},"end":{"line":136,"column":70}},"136":{"start":{"line":137,"column":0},"end":{"line":137,"column":27}},"137":{"start":{"line":138,"column":0},"end":{"line":138,"column":3}},"138":{"start":{"line":139,"column":0},"end":{"line":139,"column":58}},"139":{"start":{"line":140,"column":0},"end":{"line":140,"column":0}},"140":{"start":{"line":141,"column":0},"end":{"line":141,"column":3}},"141":{"start":{"line":142,"column":0},"end":{"line":142,"column":78}},"142":{"start":{"line":143,"column":0},"end":{"line":143,"column":49}},"143":{"start":{"line":144,"column":0},"end":{"line":144,"column":2}},"144":{"start":{"line":145,"column":0},"end":{"line":145,"column":78}},"145":{"start":{"line":146,"column":0},"end":{"line":146,"column":47}},"146":{"start":{"line":147,"column":0},"end":{"line":147,"column":2}},"147":{"start":{"line":148,"column":0},"end":{"line":148,"column":64}},"148":{"start":{"line":149,"column":0},"end":{"line":149,"column":57}},"149":{"start":{"line":150,"column":0},"end":{"line":150,"column":55}},"150":{"start":{"line":151,"column":0},"end":{"line":151,"column":71}},"151":{"start":{"line":152,"column":0},"end":{"line":152,"column":3}},"152":{"start":{"line":153,"column":0},"end":{"line":153,"column":35}},"153":{"start":{"line":154,"column":0},"end":{"line":154,"column":5}},"154":{"start":{"line":155,"column":0},"end":{"line":155,"column":61}},"155":{"start":{"line":156,"column":0},"end":{"line":156,"column":58}},"156":{"start":{"line":157,"column":0},"end":{"line":157,"column":71}},"157":{"start":{"line":158,"column":0},"end":{"line":158,"column":69}},"158":{"start":{"line":159,"column":0},"end":{"line":159,"column":4}},"159":{"start":{"line":160,"column":0},"end":{"line":160,"column":13}},"160":{"start":{"line":161,"column":0},"end":{"line":161,"column":26}},"161":{"start":{"line":162,"column":0},"end":{"line":162,"column":69}},"162":{"start":{"line":163,"column":0},"end":{"line":163,"column":45}},"163":{"start":{"line":164,"column":0},"end":{"line":164,"column":5}},"164":{"start":{"line":165,"column":0},"end":{"line":165,"column":37}},"165":{"start":{"line":166,"column":0},"end":{"line":166,"column":0}},"166":{"start":{"line":167,"column":0},"end":{"line":167,"column":5}},"167":{"start":{"line":168,"column":0},"end":{"line":168,"column":71}},"168":{"start":{"line":169,"column":0},"end":{"line":169,"column":21}},"169":{"start":{"line":170,"column":0},"end":{"line":170,"column":4}},"170":{"start":{"line":171,"column":0},"end":{"line":171,"column":13}},"171":{"start":{"line":172,"column":0},"end":{"line":172,"column":53}},"172":{"start":{"line":173,"column":0},"end":{"line":173,"column":44}},"173":{"start":{"line":174,"column":0},"end":{"line":174,"column":4}},"174":{"start":{"line":175,"column":0},"end":{"line":175,"column":13}},"175":{"start":{"line":176,"column":0},"end":{"line":176,"column":47}},"176":{"start":{"line":177,"column":0},"end":{"line":177,"column":40}},"177":{"start":{"line":178,"column":0},"end":{"line":178,"column":5}},"178":{"start":{"line":179,"column":0},"end":{"line":179,"column":36}},"179":{"start":{"line":180,"column":0},"end":{"line":180,"column":0}},"180":{"start":{"line":181,"column":0},"end":{"line":181,"column":5}},"181":{"start":{"line":182,"column":0},"end":{"line":182,"column":50}},"182":{"start":{"line":183,"column":0},"end":{"line":183,"column":43}},"183":{"start":{"line":184,"column":0},"end":{"line":184,"column":4}},"184":{"start":{"line":185,"column":0},"end":{"line":185,"column":13}},"185":{"start":{"line":186,"column":0},"end":{"line":186,"column":14}},"186":{"start":{"line":187,"column":0},"end":{"line":187,"column":80}},"187":{"start":{"line":188,"column":0},"end":{"line":188,"column":80}},"188":{"start":{"line":189,"column":0},"end":{"line":189,"column":88}},"189":{"start":{"line":190,"column":0},"end":{"line":190,"column":6}},"190":{"start":{"line":191,"column":0},"end":{"line":191,"column":5}},"191":{"start":{"line":192,"column":0},"end":{"line":192,"column":51}},"192":{"start":{"line":193,"column":0},"end":{"line":193,"column":2}},"193":{"start":{"line":194,"column":0},"end":{"line":194,"column":0}},"194":{"start":{"line":195,"column":0},"end":{"line":195,"column":80}},"195":{"start":{"line":196,"column":0},"end":{"line":196,"column":0}},"196":{"start":{"line":197,"column":0},"end":{"line":197,"column":33}},"197":{"start":{"line":198,"column":0},"end":{"line":198,"column":32}},"198":{"start":{"line":199,"column":0},"end":{"line":199,"column":26}},"199":{"start":{"line":200,"column":0},"end":{"line":200,"column":22}},"200":{"start":{"line":201,"column":0},"end":{"line":201,"column":20}},"201":{"start":{"line":202,"column":0},"end":{"line":202,"column":76}},"202":{"start":{"line":203,"column":0},"end":{"line":203,"column":28}},"203":{"start":{"line":204,"column":0},"end":{"line":204,"column":2}},"204":{"start":{"line":205,"column":0},"end":{"line":205,"column":0}},"205":{"start":{"line":206,"column":0},"end":{"line":206,"column":80}},"206":{"start":{"line":207,"column":0},"end":{"line":207,"column":0}},"207":{"start":{"line":208,"column":0},"end":{"line":208,"column":29}},"208":{"start":{"line":209,"column":0},"end":{"line":209,"column":5}},"209":{"start":{"line":210,"column":0},"end":{"line":210,"column":66}},"210":{"start":{"line":211,"column":0},"end":{"line":211,"column":55}},"211":{"start":{"line":212,"column":0},"end":{"line":212,"column":5}},"212":{"start":{"line":213,"column":0},"end":{"line":213,"column":19}},"213":{"start":{"line":214,"column":0},"end":{"line":214,"column":0}},"214":{"start":{"line":215,"column":0},"end":{"line":215,"column":5}},"215":{"start":{"line":216,"column":0},"end":{"line":216,"column":52}},"216":{"start":{"line":217,"column":0},"end":{"line":217,"column":5}},"217":{"start":{"line":218,"column":0},"end":{"line":218,"column":30}},"218":{"start":{"line":219,"column":0},"end":{"line":219,"column":0}},"219":{"start":{"line":220,"column":0},"end":{"line":220,"column":5}},"220":{"start":{"line":221,"column":0},"end":{"line":221,"column":65}},"221":{"start":{"line":222,"column":0},"end":{"line":222,"column":5}},"222":{"start":{"line":223,"column":0},"end":{"line":223,"column":32}},"223":{"start":{"line":224,"column":0},"end":{"line":224,"column":0}},"224":{"start":{"line":225,"column":0},"end":{"line":225,"column":5}},"225":{"start":{"line":226,"column":0},"end":{"line":226,"column":47}},"226":{"start":{"line":227,"column":0},"end":{"line":227,"column":70}},"227":{"start":{"line":228,"column":0},"end":{"line":228,"column":81}},"228":{"start":{"line":229,"column":0},"end":{"line":229,"column":61}},"229":{"start":{"line":230,"column":0},"end":{"line":230,"column":5}},"230":{"start":{"line":231,"column":0},"end":{"line":231,"column":33}},"231":{"start":{"line":232,"column":0},"end":{"line":232,"column":0}},"232":{"start":{"line":233,"column":0},"end":{"line":233,"column":5}},"233":{"start":{"line":234,"column":0},"end":{"line":234,"column":71}},"234":{"start":{"line":235,"column":0},"end":{"line":235,"column":63}},"235":{"start":{"line":236,"column":0},"end":{"line":236,"column":77}},"236":{"start":{"line":237,"column":0},"end":{"line":237,"column":5}},"237":{"start":{"line":238,"column":0},"end":{"line":238,"column":32}},"238":{"start":{"line":239,"column":0},"end":{"line":239,"column":0}},"239":{"start":{"line":240,"column":0},"end":{"line":240,"column":5}},"240":{"start":{"line":241,"column":0},"end":{"line":241,"column":65}},"241":{"start":{"line":242,"column":0},"end":{"line":242,"column":77}},"242":{"start":{"line":243,"column":0},"end":{"line":243,"column":19}},"243":{"start":{"line":244,"column":0},"end":{"line":244,"column":79}},"244":{"start":{"line":245,"column":0},"end":{"line":245,"column":5}},"245":{"start":{"line":246,"column":0},"end":{"line":246,"column":45}},"246":{"start":{"line":247,"column":0},"end":{"line":247,"column":2}},"247":{"start":{"line":248,"column":0},"end":{"line":248,"column":0}},"248":{"start":{"line":249,"column":0},"end":{"line":249,"column":81}},"249":{"start":{"line":250,"column":0},"end":{"line":250,"column":0}},"250":{"start":{"line":251,"column":0},"end":{"line":251,"column":41}},"251":{"start":{"line":252,"column":0},"end":{"line":252,"column":32}},"252":{"start":{"line":253,"column":0},"end":{"line":253,"column":19}},"253":{"start":{"line":254,"column":0},"end":{"line":254,"column":23}},"254":{"start":{"line":255,"column":0},"end":{"line":255,"column":23}},"255":{"start":{"line":256,"column":0},"end":{"line":256,"column":18}},"256":{"start":{"line":257,"column":0},"end":{"line":257,"column":25}},"257":{"start":{"line":258,"column":0},"end":{"line":258,"column":24}},"258":{"start":{"line":259,"column":0},"end":{"line":259,"column":38}},"259":{"start":{"line":260,"column":0},"end":{"line":260,"column":45}},"260":{"start":{"line":261,"column":0},"end":{"line":261,"column":23}},"261":{"start":{"line":262,"column":0},"end":{"line":262,"column":25}},"262":{"start":{"line":263,"column":0},"end":{"line":263,"column":2}},"263":{"start":{"line":264,"column":0},"end":{"line":264,"column":0}},"264":{"start":{"line":265,"column":0},"end":{"line":265,"column":55}},"265":{"start":{"line":266,"column":0},"end":{"line":266,"column":63}},"266":{"start":{"line":267,"column":0},"end":{"line":267,"column":0}},"267":{"start":{"line":268,"column":0},"end":{"line":268,"column":48}},"268":{"start":{"line":269,"column":0},"end":{"line":269,"column":31}},"269":{"start":{"line":270,"column":0},"end":{"line":270,"column":26}},"270":{"start":{"line":271,"column":0},"end":{"line":271,"column":20}},"271":{"start":{"line":272,"column":0},"end":{"line":272,"column":28}},"272":{"start":{"line":273,"column":0},"end":{"line":273,"column":39}},"273":{"start":{"line":274,"column":0},"end":{"line":274,"column":45}},"274":{"start":{"line":275,"column":0},"end":{"line":275,"column":41}},"275":{"start":{"line":276,"column":0},"end":{"line":276,"column":2}}},"s":{"0":0,"1":0,"2":0,"3":0,"4":0,"5":0,"6":0,"7":0,"8":0,"9":0,"10":0,"11":0,"12":0,"13":0,"14":0,"15":0,"16":0,"17":0,"18":0,"19":0,"20":0,"21":0,"22":0,"23":0,"24":0,"25":0,"26":0,"27":0,"28":0,"29":0,"30":0,"31":0,"32":0,"33":0,"34":0,"35":0,"36":0,"37":0,"38":0,"39":0,"40":0,"41":0,"42":0,"43":0,"44":0,"45":0,"46":0,"47":0,"48":0,"49":0,"50":0,"51":0,"52":0,"53":0,"54":0,"55":0,"56":0,"57":0,"58":0,"59":0,"60":0,"61":0,"62":0,"63":0,"64":0,"65":0,"66":0,"67":0,"68":0,"69":0,"70":0,"71":0,"72":0,"73":0,"74":0,"75":0,"76":0,"77":0,"78":0,"79":0,"80":0,"81":0,"82":0,"83":0,"84":0,"85":0,"86":0,"87":0,"88":0,"89":0,"90":0,"91":0,"92":0,"93":0,"94":0,"95":0,"96":0,"97":0,"98":0,"99":0,"100":0,"101":0,"102":0,"103":0,"104":0,"105":0,"106":0,"107":0,"108":0,"109":0,"110":0,"111":0,"112":0,"113":0,"114":0,"115":0,"116":0,"117":0,"118":0,"119":0,"120":0,"121":0,"122":0,"123":0,"124":0,"125":0,"126":0,"127":0,"128":0,"129":0,"130":0,"131":0,"132":0,"133":0,"134":0,"135":0,"136":0,"137":0,"138":0,"139":0,"140":0,"141":0,"142":0,"143":0,"144":0,"145":0,"146":0,"147":0,"148":0,"149":0,"150":0,"151":0,"152":0,"153":0,"154":0,"155":0,"156":0,"157":0,"158":0,"159":0,"160":0,"161":0,"162":0,"163":0,"164":0,"165":0,"166":0,"167":0,"168":0,"169":0,"170":0,"171":0,"172":0,"173":0,"174":0,"175":0,"176":0,"177":0,"178":0,"179":0,"180":0,"181":0,"182":0,"183":0,"184":0,"185":0,"186":0,"187":0,"188":0,"189":0,"190":0,"191":0,"192":0,"193":0,"194":0,"195":0,"196":0,"197":0,"198":0,"199":0,"200":0,"201":0,"202":0,"203":0,"204":0,"205":0,"206":0,"207":0,"208":0,"209":0,"210":0,"211":0,"212":0,"213":0,"214":0,"215":0,"216":0,"217":0,"218":0,"219":0,"220":0,"221":0,"222":0,"223":0,"224":0,"225":0,"226":0,"227":0,"228":0,"229":0,"230":0,"231":0,"232":0,"233":0,"234":0,"235":0,"236":0,"237":0,"238":0,"239":0,"240":0,"241":0,"242":0,"243":0,"244":0,"245":0,"246":0,"247":0,"248":0,"249":0,"250":0,"251":0,"252":0,"253":0,"254":0,"255":0,"256":0,"257":0,"258":0,"259":0,"260":0,"261":0,"262":0,"263":0,"264":0,"265":0,"266":0,"267":0,"268":0,"269":0,"270":0,"271":0,"272":0,"273":0,"274":0,"275":0},"branchMap":{"0":{"type":"branch","line":1,"loc":{"start":{"line":1,"column":0},"end":{"line":276,"column":2}},"locations":[{"start":{"line":1,"column":0},"end":{"line":276,"column":2}}]}},"b":{"0":[0]},"fnMap":{"0":{"name":"(empty-report)","decl":{"start":{"line":1,"column":0},"end":{"line":276,"column":2}},"loc":{"start":{"line":1,"column":0},"end":{"line":276,"column":2}},"line":1}},"f":{"0":0}}
[...]
,"/Users/nikko/Desktop/web/chasi-ts implement/src/package/statics/Route.ts": {"path":"/Users/nikko/Desktop/web/chasi-ts implement/src/package/statics/Route.ts","all":true,"statementMap":{"0":{"start":{"line":1,"column":0},"end":{"line":1,"column":50}},"1":{"start":{"line":2,"column":0},"end":{"line":2,"column":0}},"2":{"start":{"line":3,"column":0},"end":{"line":3,"column":44}}},"s":{"0":0,"1":0,"2":0},"branchMap":{"0":{"type":"branch","line":1,"loc":{"start":{"line":1,"column":0},"end":{"line":3,"column":44}},"locations":[{"start":{"line":1,"column":0},"end":{"line":3,"column":44}}]}},"b":{"0":[0]},"fnMap":{"0":{"name":"(empty-report)","decl":{"start":{"line":1,"column":0},"end":{"line":3,"column":44}},"loc":{"start":{"line":1,"column":0},"end":{"line":3,"column":44}},"line":1}},"f":{"0":0}}
,"/Users/nikko/Desktop/web/chasi-ts implement/src/package/statics/Router.ts": {"path":"/Users/nikko/Desktop/web/chasi-ts implement/src/package/statics/Router.ts","all":false,"statementMap":{"0":{"start":{"line":1,"column":0},"end":{"line":1,"column":63}},"4":{"start":{"line":5,"column":0},"end":{"line":5,"column":73}},"5":{"start":{"line":6,"column":0},"end":{"line":6,"column":55}},"6":{"start":{"line":7,"column":0},"end":{"line":7,"column":20}},"7":{"start":{"line":8,"column":0},"end":{"line":8,"column":3}},"8":{"start":{"line":9,"column":0},"end":{"line":9,"column":1}}},"s":{"0":1,"4":1,"5":1,"6":4,"7":4,"8":1},"branchMap":{"0":{"type":"branch","line":6,"loc":{"start":{"line":6,"column":2},"end":{"line":8,"column":3}},"locations":[{"start":{"line":6,"column":2},"end":{"line":8,"column":3}}]}},"b":{"0":[4]},"fnMap":{"0":{"name":"Router","decl":{"start":{"line":6,"column":2},"end":{"line":8,"column":3}},"loc":{"start":{"line":6,"column":2},"end":{"line":8,"column":3}},"line":6}},"f":{"0":4}}
,"/Users/nikko/Desktop/web/chasi-ts implement/src/package/statics/index.ts": {"path":"/Users/nikko/Desktop/web/chasi-ts implement/src/package/statics/index.ts","all":true,"statementMap":{"0":{"start":{"line":1,"column":0},"end":{"line":1,"column":41}},"1":{"start":{"line":2,"column":0},"end":{"line":2,"column":0}},"2":{"start":{"line":3,"column":0},"end":{"line":3,"column":17}}},"s":{"0":0,"1":0,"2":0},"branchMap":{"0":{"type":"branch","line":1,"loc":{"start":{"line":1,"column":0},"end":{"line":3,"column":17}},"locations":[{"start":{"line":1,"column":0},"end":{"line":3,"column":17}}]}},"b":{"0":[0]},"fnMap":{"0":{"name":"(empty-report)","decl":{"start":{"line":1,"column":0},"end":{"line":3,"column":17}},"loc":{"start":{"line":1,"column":0},"end":{"line":3,"column":17}},"line":1}},"f":{"0":0}}
,"/Users/nikko/Desktop/web/chasi-ts implement/src/package/statics/horizon/config.ts": {"path":"/Users/nikko/Desktop/web/chasi-ts implement/src/package/statics/horizon/config.ts","all":false,"statementMap":{"0":{"start":{"line":1,"column":0},"end":{"line":1,"column":16}},"1":{"start":{"line":2,"column":0},"end":{"line":2,"column":13}},"2":{"start":{"line":3,"column":0},"end":{"line":3,"column":13}},"3":{"start":{"line":4,"column":0},"end":{"line":4,"column":61}},"4":{"start":{"line":5,"column":0},"end":{"line":5,"column":59}},"5":{"start":{"line":6,"column":0},"end":{"line":6,"column":69}},"6":{"start":{"line":7,"column":0},"end":{"line":7,"column":64}},"7":{"start":{"line":8,"column":0},"end":{"line":8,"column":57}},"8":{"start":{"line":9,"column":0},"end":{"line":9,"column":59}},"9":{"start":{"line":10,"column":0},"end":{"line":10,"column":6}},"10":{"start":{"line":11,"column":0},"end":{"line":11,"column":4}},"12":{"start":{"line":13,"column":0},"end":{"line":13,"column":19}},"13":{"start":{"line":14,"column":0},"end":{"line":14,"column":72}},"14":{"start":{"line":15,"column":0},"end":{"line":15,"column":4}},"16":{"start":{"line":17,"column":0},"end":{"line":17,"column":11}},"17":{"start":{"line":18,"column":0},"end":{"line":18,"column":21}},"18":{"start":{"line":19,"column":0},"end":{"line":19,"column":66}},"19":{"start":{"line":20,"column":0},"end":{"line":20,"column":67}},"20":{"start":{"line":21,"column":0},"end":{"line":21,"column":6}},"21":{"start":{"line":22,"column":0},"end":{"line":22,"column":12}},"22":{"start":{"line":23,"column":0},"end":{"line":23,"column":28}},"23":{"start":{"line":24,"column":0},"end":{"line":24,"column":8}},"24":{"start":{"line":25,"column":0},"end":{"line":25,"column":6}},"25":{"start":{"line":26,"column":0},"end":{"line":26,"column":4}},"27":{"start":{"line":28,"column":0},"end":{"line":28,"column":15}},"28":{"start":{"line":29,"column":0},"end":{"line":29,"column":30}},"29":{"start":{"line":30,"column":0},"end":{"line":30,"column":4}},"30":{"start":{"line":31,"column":0},"end":{"line":31,"column":2}}},"s":{"0":1,"1":1,"2":1,"3":1,"4":1,"5":1,"6":1,"7":1,"8":1,"9":1,"10":1,"12":1,"13":1,"14":1,"16":1,"17":1,"18":1,"19":1,"20":1,"21":1,"22":1,"23":0,"24":1,"25":1,"27":1,"28":1,"29":1,"30":1},"branchMap":{},"b":{},"fnMap":{"0":{"name":"beforeApp","decl":{"start":{"line":23,"column":6},"end":{"line":24,"column":8}},"loc":{"start":{"line":23,"column":6},"end":{"line":24,"column":8}},"line":23}},"f":{"0":0}}
,"/Users/nikko/Desktop/web/chasi-ts implement/src/package/statics/horizon/events/AfterApp.ts": {"path":"/Users/nikko/Desktop/web/chasi-ts implement/src/package/statics/horizon/events/AfterApp.ts","all":true,"statementMap":{"0":{"start":{"line":1,"column":0},"end":{"line":1,"column":31}},"1":{"start":{"line":2,"column":0},"end":{"line":2,"column":49}},"2":{"start":{"line":3,"column":0},"end":{"line":3,"column":69}},"3":{"start":{"line":4,"column":0},"end":{"line":4,"column":0}},"4":{"start":{"line":5,"column":0},"end":{"line":5,"column":45}},"5":{"start":{"line":6,"column":0},"end":{"line":6,"column":84}},"6":{"start":{"line":7,"column":0},"end":{"line":7,"column":11}},"7":{"start":{"line":8,"column":0},"end":{"line":8,"column":3}},"8":{"start":{"line":9,"column":0},"end":{"line":9,"column":0}},"9":{"start":{"line":10,"column":0},"end":{"line":10,"column":62}},"10":{"start":{"line":11,"column":0},"end":{"line":11,"column":54}},"11":{"start":{"line":12,"column":0},"end":{"line":12,"column":105}},"12":{"start":{"line":13,"column":0},"end":{"line":13,"column":38}},"13":{"start":{"line":14,"column":0},"end":{"line":14,"column":3}},"14":{"start":{"line":15,"column":0},"end":{"line":15,"column":0}},"15":{"start":{"line":16,"column":0},"end":{"line":16,"column":34}},"16":{"start":{"line":17,"column":0},"end":{"line":17,"column":35}},"17":{"start":{"line":18,"column":0},"end":{"line":18,"column":1}}},"s":{"0":0,"1":0,"2":0,"3":0,"4":0,"5":0,"6":0,"7":0,"8":0,"9":0,"10":0,"11":0,"12":0,"13":0,"14":0,"15":0,"16":0,"17":0},"branchMap":{"0":{"type":"branch","line":1,"loc":{"start":{"line":1,"column":0},"end":{"line":18,"column":1}},"locations":[{"start":{"line":1,"column":0},"end":{"line":18,"column":1}}]}},"b":{"0":[0]},"fnMap":{"0":{"name":"(empty-report)","decl":{"start":{"line":1,"column":0},"end":{"line":18,"column":1}},"loc":{"start":{"line":1,"column":0},"end":{"line":18,"column":1}},"line":1}},"f":{"0":0}}
,"/Users/nikko/Desktop/web/chasi-ts implement/src/package/statics/horizon/events/BeforeApp.ts": {"path":"/Users/nikko/Desktop/web/chasi-ts implement/src/package/statics/horizon/events/BeforeApp.ts","all":true,"statementMap":{"0":{"start":{"line":1,"column":0},"end":{"line":1,"column":49}},"1":{"start":{"line":2,"column":0},"end":{"line":2,"column":63}},"2":{"start":{"line":3,"column":0},"end":{"line":3,"column":71}},"3":{"start":{"line":4,"column":0},"end":{"line":4,"column":59}},"4":{"start":{"line":5,"column":0},"end":{"line":5,"column":46}},"5":{"start":{"line":6,"column":0},"end":{"line":6,"column":0}},"6":{"start":{"line":7,"column":0},"end":{"line":7,"column":84}},"7":{"start":{"line":8,"column":0},"end":{"line":8,"column":9}},"8":{"start":{"line":9,"column":0},"end":{"line":9,"column":40}},"9":{"start":{"line":10,"column":0},"end":{"line":10,"column":20}},"10":{"start":{"line":11,"column":0},"end":{"line":11,"column":65}},"11":{"start":{"line":12,"column":0},"end":{"line":12,"column":61}},"12":{"start":{"line":13,"column":0},"end":{"line":13,"column":47}},"13":{"start":{"line":14,"column":0},"end":{"line":14,"column":30}},"14":{"start":{"line":15,"column":0},"end":{"line":15,"column":29}},"15":{"start":{"line":16,"column":0},"end":{"line":16,"column":8}},"16":{"start":{"line":17,"column":0},"end":{"line":17,"column":13}},"17":{"start":{"line":18,"column":0},"end":{"line":18,"column":26}},"18":{"start":{"line":19,"column":0},"end":{"line":19,"column":20}},"19":{"start":{"line":20,"column":0},"end":{"line":20,"column":5}},"20":{"start":{"line":21,"column":0},"end":{"line":21,"column":3}},"21":{"start":{"line":22,"column":0},"end":{"line":22,"column":0}},"22":{"start":{"line":23,"column":0},"end":{"line":23,"column":62}},"23":{"start":{"line":24,"column":0},"end":{"line":24,"column":38}},"24":{"start":{"line":25,"column":0},"end":{"line":25,"column":44}},"25":{"start":{"line":26,"column":0},"end":{"line":26,"column":45}},"26":{"start":{"line":27,"column":0},"end":{"line":27,"column":38}},"27":{"start":{"line":28,"column":0},"end":{"line":28,"column":3}},"28":{"start":{"line":29,"column":0},"end":{"line":29,"column":34}},"29":{"start":{"line":30,"column":0},"end":{"line":30,"column":35}},"30":{"start":{"line":31,"column":0},"end":{"line":31,"column":1}}},"s":{"0":0,"1":0,"2":0,"3":0,"4":0,"5":0,"6":0,"7":0,"8":0,"9":0,"10":0,"11":0,"12":0,"13":0,"14":0,"15":0,"16":0,"17":0,"18":0,"19":0,"20":0,"21":0,"22":0,"23":0,"24":0,"25":0,"26":0,"27":0,"28":0,"29":0,"30":0},"branchMap":{"0":{"type":"branch","line":1,"loc":{"start":{"line":1,"column":0},"end":{"line":31,"column":1}},"locations":[{"start":{"line":1,"column":0},"end":{"line":31,"column":1}}]}},"b":{"0":[0]},"fnMap":{"0":{"name":"(empty-report)","decl":{"start":{"line":1,"column":0},"end":{"line":31,"column":1}},"loc":{"start":{"line":1,"column":0},"end":{"line":31,"column":1}},"line":1}},"f":{"0":0}}
,"/Users/nikko/Desktop/web/chasi-ts implement/src/package/statics/horizon/events/BootApp.ts": {"path":"/Users/nikko/Desktop/web/chasi-ts implement/src/package/statics/horizon/events/BootApp.ts","all":true,"statementMap":{"0":{"start":{"line":1,"column":0},"end":{"line":1,"column":49}},"1":{"start":{"line":2,"column":0},"end":{"line":2,"column":71}},"2":{"start":{"line":3,"column":0},"end":{"line":3,"column":0}},"3":{"start":{"line":4,"column":0},"end":{"line":4,"column":44}},"4":{"start":{"line":5,"column":0},"end":{"line":5,"column":84}},"5":{"start":{"line":6,"column":0},"end":{"line":6,"column":54}},"6":{"start":{"line":7,"column":0},"end":{"line":7,"column":18}},"7":{"start":{"line":8,"column":0},"end":{"line":8,"column":91}},"8":{"start":{"line":9,"column":0},"end":{"line":9,"column":28}},"9":{"start":{"line":10,"column":0},"end":{"line":10,"column":30}},"10":{"start":{"line":11,"column":0},"end":{"line":11,"column":11}},"11":{"start":{"line":12,"column":0},"end":{"line":12,"column":3}},"12":{"start":{"line":13,"column":0},"end":{"line":13,"column":0}},"13":{"start":{"line":14,"column":0},"end":{"line":14,"column":62}},"14":{"start":{"line":15,"column":0},"end":{"line":15,"column":38}},"15":{"start":{"line":16,"column":0},"end":{"line":16,"column":3}},"16":{"start":{"line":17,"column":0},"end":{"line":17,"column":34}},"17":{"start":{"line":18,"column":0},"end":{"line":18,"column":35}},"18":{"start":{"line":19,"column":0},"end":{"line":19,"column":1}}},"s":{"0":0,"1":0,"2":0,"3":0,"4":0,"5":0,"6":0,"7":0,"8":0,"9":0,"10":0,"11":0,"12":0,"13":0,"14":0,"15":0,"16":0,"17":0,"18":0},"branchMap":{"0":{"type":"branch","line":1,"loc":{"start":{"line":1,"column":0},"end":{"line":19,"column":1}},"locations":[{"start":{"line":1,"column":0},"end":{"line":19,"column":1}}]}},"b":{"0":[0]},"fnMap":{"0":{"name":"(empty-report)","decl":{"start":{"line":1,"column":0},"end":{"line":19,"column":1}},"loc":{"start":{"line":1,"column":0},"end":{"line":19,"column":1}},"line":1}},"f":{"0":0}}
,"/Users/nikko/Desktop/web/chasi-ts implement/src/package/statics/horizon/events/Exception.ts": {"path":"/Users/nikko/Desktop/web/chasi-ts implement/src/package/statics/horizon/events/Exception.ts","all":false,"statementMap":{"0":{"start":{"line":1,"column":0},"end":{"line":1,"column":32}},"3":{"start":{"line":4,"column":0},"end":{"line":4,"column":46}},"4":{"start":{"line":5,"column":0},"end":{"line":5,"column":84}},"5":{"start":{"line":6,"column":0},"end":{"line":6,"column":11}},"6":{"start":{"line":7,"column":0},"end":{"line":7,"column":3}},"8":{"start":{"line":9,"column":0},"end":{"line":9,"column":62}},"9":{"start":{"line":10,"column":0},"end":{"line":10,"column":60}},"10":{"start":{"line":11,"column":0},"end":{"line":11,"column":30}},"11":{"start":{"line":12,"column":0},"end":{"line":12,"column":14}},"12":{"start":{"line":13,"column":0},"end":{"line":13,"column":58}},"13":{"start":{"line":14,"column":0},"end":{"line":14,"column":51}},"14":{"start":{"line":15,"column":0},"end":{"line":15,"column":16}},"15":{"start":{"line":16,"column":0},"end":{"line":16,"column":64}},"16":{"start":{"line":17,"column":0},"end":{"line":17,"column":36}},"17":{"start":{"line":18,"column":0},"end":{"line":18,"column":11}},"18":{"start":{"line":19,"column":0},"end":{"line":19,"column":9}},"19":{"start":{"line":20,"column":0},"end":{"line":20,"column":11}},"20":{"start":{"line":21,"column":0},"end":{"line":21,"column":12}},"21":{"start":{"line":22,"column":0},"end":{"line":22,"column":30}},"22":{"start":{"line":23,"column":0},"end":{"line":23,"column":5}},"23":{"start":{"line":24,"column":0},"end":{"line":24,"column":3}},"25":{"start":{"line":26,"column":0},"end":{"line":26,"column":34}},"26":{"start":{"line":27,"column":0},"end":{"line":27,"column":35}},"27":{"start":{"line":28,"column":0},"end":{"line":28,"column":1}}},"s":{"0":1,"3":1,"4":1,"5":1,"6":1,"8":1,"9":3,"10":3,"11":2,"12":2,"13":0,"14":2,"15":2,"16":1,"17":1,"18":2,"19":2,"20":3,"21":1,"22":1,"23":3,"25":1,"26":1,"27":1},"branchMap":{"0":{"type":"branch","line":5,"loc":{"start":{"line":5,"column":2},"end":{"line":7,"column":3}},"locations":[{"start":{"line":5,"column":2},"end":{"line":7,"column":3}}]},"1":{"type":"branch","line":9,"loc":{"start":{"line":9,"column":2},"end":{"line":24,"column":3}},"locations":[{"start":{"line":9,"column":2},"end":{"line":24,"column":3}}]},"2":{"type":"branch","line":11,"loc":{"start":{"line":11,"column":29},"end":{"line":21,"column":11}},"locations":[{"start":{"line":11,"column":29},"end":{"line":21,"column":11}}]},"3":{"type":"branch","line":21,"loc":{"start":{"line":21,"column":4},"end":{"line":23,"column":5}},"locations":[{"start":{"line":21,"column":4},"end":{"line":23,"column":5}}]},"4":{"type":"branch","line":12,"loc":{"start":{"line":12,"column":7},"end":{"line":20,"column":9}},"locations":[{"start":{"line":12,"column":7},"end":{"line":20,"column":9}}]},"5":{"type":"branch","line":13,"loc":{"start":{"line":13,"column":57},"end":{"line":15,"column":15}},"locations":[{"start":{"line":13,"column":57},"end":{"line":15,"column":15}}]},"6":{"type":"branch","line":16,"loc":{"start":{"line":16,"column":63},"end":{"line":18,"column":11}},"locations":[{"start":{"line":16,"column":63},"end":{"line":18,"column":11}}]}},"b":{"0":[1],"1":[3],"2":[2],"3":[1],"4":[2],"5":[0],"6":[1]},"fnMap":{"0":{"name":"validate","decl":{"start":{"line":5,"column":2},"end":{"line":7,"column":3}},"loc":{"start":{"line":5,"column":2},"end":{"line":7,"column":3}},"line":5},"1":{"name":"fire","decl":{"start":{"line":9,"column":2},"end":{"line":24,"column":3}},"loc":{"start":{"line":9,"column":2},"end":{"line":24,"column":3}},"line":9},"2":{"name":"onemit","decl":{"start":{"line":26,"column":2},"end":{"line":26,"column":34}},"loc":{"start":{"line":26,"column":2},"end":{"line":26,"column":34}},"line":26},"3":{"name":"emitted","decl":{"start":{"line":27,"column":2},"end":{"line":27,"column":35}},"loc":{"start":{"line":27,"column":2},"end":{"line":27,"column":35}},"line":27}},"f":{"0":1,"1":3,"2":0,"3":0}}
,"/Users/nikko/Desktop/web/chasi-ts implement/src/package/statics/horizon/events/InitializeApp.ts": {"path":"/Users/nikko/Desktop/web/chasi-ts implement/src/package/statics/horizon/events/InitializeApp.ts","all":true,"statementMap":{"0":{"start":{"line":1,"column":0},"end":{"line":1,"column":49}},"1":{"start":{"line":2,"column":0},"end":{"line":2,"column":69}},"2":{"start":{"line":3,"column":0},"end":{"line":3,"column":0}},"3":{"start":{"line":4,"column":0},"end":{"line":4,"column":50}},"4":{"start":{"line":5,"column":0},"end":{"line":5,"column":84}},"5":{"start":{"line":6,"column":0},"end":{"line":6,"column":54}},"6":{"start":{"line":7,"column":0},"end":{"line":7,"column":18}},"7":{"start":{"line":8,"column":0},"end":{"line":8,"column":91}},"8":{"start":{"line":9,"column":0},"end":{"line":9,"column":69}},"9":{"start":{"line":10,"column":0},"end":{"line":10,"column":11}},"10":{"start":{"line":11,"column":0},"end":{"line":11,"column":3}},"11":{"start":{"line":12,"column":0},"end":{"line":12,"column":0}},"12":{"start":{"line":13,"column":0},"end":{"line":13,"column":62}},"13":{"start":{"line":14,"column":0},"end":{"line":14,"column":38}},"14":{"start":{"line":15,"column":0},"end":{"line":15,"column":3}},"15":{"start":{"line":16,"column":0},"end":{"line":16,"column":34}},"16":{"start":{"line":17,"column":0},"end":{"line":17,"column":35}},"17":{"start":{"line":18,"column":0},"end":{"line":18,"column":1}}},"s":{"0":0,"1":0,"2":0,"3":0,"4":0,"5":0,"6":0,"7":0,"8":0,"9":0,"10":0,"11":0,"12":0,"13":0,"14":0,"15":0,"16":0,"17":0},"branchMap":{"0":{"type":"branch","line":1,"loc":{"start":{"line":1,"column":0},"end":{"line":18,"column":1}},"locations":[{"start":{"line":1,"column":0},"end":{"line":18,"column":1}}]}},"b":{"0":[0]},"fnMap":{"0":{"name":"(empty-report)","decl":{"start":{"line":1,"column":0},"end":{"line":18,"column":1}},"loc":{"start":{"line":1,"column":0},"end":{"line":18,"column":1}},"line":1}},"f":{"0":0}}
,"/Users/nikko/Desktop/web/chasi-ts implement/src/package/statics/horizon/events/ReadyApp.ts": {"path":"/Users/nikko/Desktop/web/chasi-ts implement/src/package/statics/horizon/events/ReadyApp.ts","all":true,"statementMap":{"0":{"start":{"line":1,"column":0},"end":{"line":1,"column":32}},"1":{"start":{"line":2,"column":0},"end":{"line":2,"column":49}},"2":{"start":{"line":3,"column":0},"end":{"line":3,"column":0}},"3":{"start":{"line":4,"column":0},"end":{"line":4,"column":45}},"4":{"start":{"line":5,"column":0},"end":{"line":5,"column":84}},"5":{"start":{"line":6,"column":0},"end":{"line":6,"column":11}},"6":{"start":{"line":7,"column":0},"end":{"line":7,"column":3}},"7":{"start":{"line":8,"column":0},"end":{"line":8,"column":0}},"8":{"start":{"line":9,"column":0},"end":{"line":9,"column":63}},"9":{"start":{"line":10,"column":0},"end":{"line":10,"column":34}},"10":{"start":{"line":11,"column":0},"end":{"line":11,"column":35}},"11":{"start":{"line":12,"column":0},"end":{"line":12,"column":1}}},"s":{"0":0,"1":0,"2":0,"3":0,"4":0,"5":0,"6":0,"7":0,"8":0,"9":0,"10":0,"11":0},"branchMap":{"0":{"type":"branch","line":1,"loc":{"start":{"line":1,"column":0},"end":{"line":12,"column":1}},"locations":[{"start":{"line":1,"column":0},"end":{"line":12,"column":1}}]}},"b":{"0":[0]},"fnMap":{"0":{"name":"(empty-report)","decl":{"start":{"line":1,"column":0},"end":{"line":12,"column":1}},"loc":{"start":{"line":1,"column":0},"end":{"line":12,"column":1}},"line":1}},"f":{"0":0}}
}
